{"/Users/alexchao/projects/clearmoney/packages/strata-sdk/src/client.ts": {"path":"/Users/alexchao/projects/clearmoney/packages/strata-sdk/src/client.ts","all":false,"statementMap":{"360":{"start":{"line":361,"column":0},"end":{"line":361,"column":43}},"361":{"start":{"line":362,"column":0},"end":{"line":362,"column":17}},"362":{"start":{"line":363,"column":0},"end":{"line":363,"column":18}},"364":{"start":{"line":365,"column":0},"end":{"line":365,"column":65}},"365":{"start":{"line":366,"column":0},"end":{"line":366,"column":19}},"366":{"start":{"line":367,"column":0},"end":{"line":367,"column":33}},"367":{"start":{"line":368,"column":0},"end":{"line":368,"column":25}},"368":{"start":{"line":369,"column":0},"end":{"line":369,"column":25}},"369":{"start":{"line":370,"column":0},"end":{"line":370,"column":3}},"370":{"start":{"line":371,"column":0},"end":{"line":371,"column":1}},"372":{"start":{"line":373,"column":0},"end":{"line":373,"column":60}},"373":{"start":{"line":374,"column":0},"end":{"line":374,"column":26}},"374":{"start":{"line":375,"column":0},"end":{"line":375,"column":37}},"375":{"start":{"line":376,"column":0},"end":{"line":376,"column":35}},"377":{"start":{"line":378,"column":0},"end":{"line":378,"column":45}},"378":{"start":{"line":379,"column":0},"end":{"line":379,"column":55}},"379":{"start":{"line":380,"column":0},"end":{"line":380,"column":51}},"380":{"start":{"line":381,"column":0},"end":{"line":381,"column":47}},"381":{"start":{"line":382,"column":0},"end":{"line":382,"column":3}},"386":{"start":{"line":387,"column":0},"end":{"line":387,"column":47}},"387":{"start":{"line":388,"column":0},"end":{"line":388,"column":38}},"388":{"start":{"line":389,"column":0},"end":{"line":389,"column":3}},"390":{"start":{"line":391,"column":0},"end":{"line":391,"column":44}},"391":{"start":{"line":392,"column":0},"end":{"line":392,"column":27}},"392":{"start":{"line":393,"column":0},"end":{"line":393,"column":3}},"394":{"start":{"line":395,"column":0},"end":{"line":395,"column":49}},"395":{"start":{"line":396,"column":0},"end":{"line":396,"column":47}},"396":{"start":{"line":397,"column":0},"end":{"line":397,"column":27}},"397":{"start":{"line":398,"column":0},"end":{"line":398,"column":52}},"398":{"start":{"line":399,"column":0},"end":{"line":399,"column":5}},"399":{"start":{"line":400,"column":0},"end":{"line":400,"column":25}},"400":{"start":{"line":401,"column":0},"end":{"line":401,"column":57}},"401":{"start":{"line":402,"column":0},"end":{"line":402,"column":5}},"402":{"start":{"line":403,"column":0},"end":{"line":403,"column":19}},"403":{"start":{"line":404,"column":0},"end":{"line":404,"column":3}},"405":{"start":{"line":406,"column":0},"end":{"line":406,"column":27}},"406":{"start":{"line":407,"column":0},"end":{"line":407,"column":21}},"407":{"start":{"line":408,"column":0},"end":{"line":408,"column":29}},"408":{"start":{"line":409,"column":0},"end":{"line":409,"column":17}},"409":{"start":{"line":410,"column":0},"end":{"line":410,"column":45}},"410":{"start":{"line":411,"column":0},"end":{"line":411,"column":41}},"411":{"start":{"line":412,"column":0},"end":{"line":412,"column":28}},"412":{"start":{"line":413,"column":0},"end":{"line":413,"column":53}},"413":{"start":{"line":414,"column":0},"end":{"line":414,"column":6}},"415":{"start":{"line":416,"column":0},"end":{"line":416,"column":64}},"416":{"start":{"line":417,"column":0},"end":{"line":417,"column":17}},"417":{"start":{"line":418,"column":0},"end":{"line":418,"column":14}},"418":{"start":{"line":419,"column":0},"end":{"line":419,"column":7}},"420":{"start":{"line":421,"column":0},"end":{"line":421,"column":23}},"421":{"start":{"line":422,"column":0},"end":{"line":422,"column":64}},"422":{"start":{"line":423,"column":0},"end":{"line":423,"column":90}},"423":{"start":{"line":424,"column":0},"end":{"line":424,"column":92}},"424":{"start":{"line":425,"column":0},"end":{"line":425,"column":65}},"425":{"start":{"line":426,"column":0},"end":{"line":426,"column":5}},"427":{"start":{"line":428,"column":0},"end":{"line":428,"column":34}},"428":{"start":{"line":429,"column":0},"end":{"line":429,"column":28}},"429":{"start":{"line":430,"column":0},"end":{"line":430,"column":5}},"431":{"start":{"line":432,"column":0},"end":{"line":432,"column":27}},"432":{"start":{"line":433,"column":0},"end":{"line":433,"column":3}},"435":{"start":{"line":436,"column":0},"end":{"line":436,"column":48}},"436":{"start":{"line":437,"column":0},"end":{"line":437,"column":58}},"437":{"start":{"line":438,"column":0},"end":{"line":438,"column":3}},"439":{"start":{"line":440,"column":0},"end":{"line":440,"column":54}},"440":{"start":{"line":441,"column":0},"end":{"line":441,"column":67}},"441":{"start":{"line":442,"column":0},"end":{"line":442,"column":3}},"449":{"start":{"line":450,"column":0},"end":{"line":450,"column":26}},"450":{"start":{"line":451,"column":0},"end":{"line":451,"column":32}},"451":{"start":{"line":452,"column":0},"end":{"line":452,"column":35}},"452":{"start":{"line":453,"column":0},"end":{"line":453,"column":74}},"453":{"start":{"line":454,"column":0},"end":{"line":454,"column":21}},"454":{"start":{"line":455,"column":0},"end":{"line":455,"column":42}},"455":{"start":{"line":456,"column":0},"end":{"line":456,"column":7}},"456":{"start":{"line":457,"column":0},"end":{"line":457,"column":3}},"461":{"start":{"line":462,"column":0},"end":{"line":462,"column":33}},"462":{"start":{"line":463,"column":0},"end":{"line":463,"column":38}},"463":{"start":{"line":464,"column":0},"end":{"line":464,"column":34}},"464":{"start":{"line":465,"column":0},"end":{"line":465,"column":77}},"465":{"start":{"line":466,"column":0},"end":{"line":466,"column":21}},"466":{"start":{"line":467,"column":0},"end":{"line":467,"column":36}},"467":{"start":{"line":468,"column":0},"end":{"line":468,"column":7}},"468":{"start":{"line":469,"column":0},"end":{"line":469,"column":3}},"473":{"start":{"line":474,"column":0},"end":{"line":474,"column":49}},"474":{"start":{"line":475,"column":0},"end":{"line":475,"column":61}},"475":{"start":{"line":476,"column":0},"end":{"line":476,"column":3}},"480":{"start":{"line":481,"column":0},"end":{"line":481,"column":77}},"481":{"start":{"line":482,"column":0},"end":{"line":482,"column":44}},"482":{"start":{"line":483,"column":0},"end":{"line":483,"column":44}},"483":{"start":{"line":484,"column":0},"end":{"line":484,"column":26}},"484":{"start":{"line":485,"column":0},"end":{"line":485,"column":6}},"485":{"start":{"line":486,"column":0},"end":{"line":486,"column":3}},"490":{"start":{"line":491,"column":0},"end":{"line":491,"column":75}},"491":{"start":{"line":492,"column":0},"end":{"line":492,"column":44}},"492":{"start":{"line":493,"column":0},"end":{"line":493,"column":49}},"493":{"start":{"line":494,"column":0},"end":{"line":494,"column":24}},"494":{"start":{"line":495,"column":0},"end":{"line":495,"column":6}},"495":{"start":{"line":496,"column":0},"end":{"line":496,"column":3}},"500":{"start":{"line":501,"column":0},"end":{"line":501,"column":59}},"501":{"start":{"line":502,"column":0},"end":{"line":502,"column":77}},"502":{"start":{"line":503,"column":0},"end":{"line":503,"column":21}},"503":{"start":{"line":504,"column":0},"end":{"line":504,"column":7}},"504":{"start":{"line":505,"column":0},"end":{"line":505,"column":3}},"511":{"start":{"line":512,"column":0},"end":{"line":512,"column":53}},"512":{"start":{"line":513,"column":0},"end":{"line":513,"column":65}},"513":{"start":{"line":514,"column":0},"end":{"line":514,"column":3}},"518":{"start":{"line":519,"column":0},"end":{"line":519,"column":63}},"519":{"start":{"line":520,"column":0},"end":{"line":520,"column":76}},"520":{"start":{"line":521,"column":0},"end":{"line":521,"column":3}},"525":{"start":{"line":526,"column":0},"end":{"line":526,"column":29}},"526":{"start":{"line":527,"column":0},"end":{"line":527,"column":21}},"527":{"start":{"line":528,"column":0},"end":{"line":528,"column":45}},"528":{"start":{"line":529,"column":0},"end":{"line":529,"column":55}},"529":{"start":{"line":530,"column":0},"end":{"line":530,"column":48}},"530":{"start":{"line":531,"column":0},"end":{"line":531,"column":6}},"531":{"start":{"line":532,"column":0},"end":{"line":532,"column":3}},"535":{"start":{"line":536,"column":0},"end":{"line":536,"column":96}},"536":{"start":{"line":537,"column":0},"end":{"line":537,"column":29}},"538":{"start":{"line":539,"column":0},"end":{"line":539,"column":47}},"539":{"start":{"line":540,"column":0},"end":{"line":540,"column":56}},"540":{"start":{"line":541,"column":0},"end":{"line":541,"column":32}},"541":{"start":{"line":542,"column":0},"end":{"line":542,"column":45}},"542":{"start":{"line":543,"column":0},"end":{"line":543,"column":7}},"543":{"start":{"line":544,"column":0},"end":{"line":544,"column":5}},"545":{"start":{"line":546,"column":0},"end":{"line":546,"column":48}},"546":{"start":{"line":547,"column":0},"end":{"line":547,"column":57}},"547":{"start":{"line":548,"column":0},"end":{"line":548,"column":3}},"552":{"start":{"line":553,"column":0},"end":{"line":553,"column":27}},"553":{"start":{"line":554,"column":0},"end":{"line":554,"column":19}},"554":{"start":{"line":555,"column":0},"end":{"line":555,"column":18}},"555":{"start":{"line":556,"column":0},"end":{"line":556,"column":29}},"556":{"start":{"line":557,"column":0},"end":{"line":557,"column":39}},"557":{"start":{"line":558,"column":0},"end":{"line":558,"column":64}},"558":{"start":{"line":559,"column":0},"end":{"line":559,"column":6}},"559":{"start":{"line":560,"column":0},"end":{"line":560,"column":3}},"564":{"start":{"line":565,"column":0},"end":{"line":565,"column":72}},"565":{"start":{"line":566,"column":0},"end":{"line":566,"column":39}},"566":{"start":{"line":567,"column":0},"end":{"line":567,"column":62}},"567":{"start":{"line":568,"column":0},"end":{"line":568,"column":6}},"568":{"start":{"line":569,"column":0},"end":{"line":569,"column":3}},"575":{"start":{"line":576,"column":0},"end":{"line":576,"column":58}},"576":{"start":{"line":577,"column":0},"end":{"line":577,"column":71}},"577":{"start":{"line":578,"column":0},"end":{"line":578,"column":3}},"582":{"start":{"line":583,"column":0},"end":{"line":583,"column":64}},"583":{"start":{"line":584,"column":0},"end":{"line":584,"column":87}},"584":{"start":{"line":585,"column":0},"end":{"line":585,"column":3}},"589":{"start":{"line":590,"column":0},"end":{"line":590,"column":52}},"590":{"start":{"line":591,"column":0},"end":{"line":591,"column":67}},"591":{"start":{"line":592,"column":0},"end":{"line":592,"column":3}},"596":{"start":{"line":597,"column":0},"end":{"line":597,"column":58}},"597":{"start":{"line":598,"column":0},"end":{"line":598,"column":74}},"598":{"start":{"line":599,"column":0},"end":{"line":599,"column":3}},"603":{"start":{"line":604,"column":0},"end":{"line":604,"column":49}},"604":{"start":{"line":605,"column":0},"end":{"line":605,"column":71}},"605":{"start":{"line":606,"column":0},"end":{"line":606,"column":3}},"610":{"start":{"line":611,"column":0},"end":{"line":611,"column":34}},"614":{"start":{"line":615,"column":0},"end":{"line":615,"column":30}},"615":{"start":{"line":616,"column":0},"end":{"line":616,"column":39}},"616":{"start":{"line":617,"column":0},"end":{"line":617,"column":45}},"617":{"start":{"line":618,"column":0},"end":{"line":618,"column":38}},"618":{"start":{"line":619,"column":0},"end":{"line":619,"column":38}},"619":{"start":{"line":620,"column":0},"end":{"line":620,"column":34}},"620":{"start":{"line":621,"column":0},"end":{"line":621,"column":8}},"621":{"start":{"line":622,"column":0},"end":{"line":622,"column":6}},"622":{"start":{"line":623,"column":0},"end":{"line":623,"column":3}},"626":{"start":{"line":627,"column":0},"end":{"line":627,"column":92}},"627":{"start":{"line":628,"column":0},"end":{"line":628,"column":75}},"628":{"start":{"line":629,"column":0},"end":{"line":629,"column":21}},"629":{"start":{"line":630,"column":0},"end":{"line":630,"column":33}},"630":{"start":{"line":631,"column":0},"end":{"line":631,"column":7}},"631":{"start":{"line":632,"column":0},"end":{"line":632,"column":3}},"633":{"start":{"line":634,"column":0},"end":{"line":634,"column":104}},"634":{"start":{"line":635,"column":0},"end":{"line":635,"column":81}},"635":{"start":{"line":636,"column":0},"end":{"line":636,"column":49}},"636":{"start":{"line":637,"column":0},"end":{"line":637,"column":33}},"637":{"start":{"line":638,"column":0},"end":{"line":638,"column":7}},"638":{"start":{"line":639,"column":0},"end":{"line":639,"column":3}},"640":{"start":{"line":641,"column":0},"end":{"line":641,"column":60}},"641":{"start":{"line":642,"column":0},"end":{"line":642,"column":81}},"642":{"start":{"line":643,"column":0},"end":{"line":643,"column":23}},"643":{"start":{"line":644,"column":0},"end":{"line":644,"column":7}},"644":{"start":{"line":645,"column":0},"end":{"line":645,"column":3}},"648":{"start":{"line":649,"column":0},"end":{"line":649,"column":74}},"649":{"start":{"line":650,"column":0},"end":{"line":650,"column":63}},"650":{"start":{"line":651,"column":0},"end":{"line":651,"column":21}},"651":{"start":{"line":652,"column":0},"end":{"line":652,"column":33}},"652":{"start":{"line":653,"column":0},"end":{"line":653,"column":7}},"653":{"start":{"line":654,"column":0},"end":{"line":654,"column":3}},"655":{"start":{"line":656,"column":0},"end":{"line":656,"column":86}},"656":{"start":{"line":657,"column":0},"end":{"line":657,"column":69}},"657":{"start":{"line":658,"column":0},"end":{"line":658,"column":20}},"658":{"start":{"line":659,"column":0},"end":{"line":659,"column":33}},"659":{"start":{"line":660,"column":0},"end":{"line":660,"column":7}},"660":{"start":{"line":661,"column":0},"end":{"line":661,"column":3}},"662":{"start":{"line":663,"column":0},"end":{"line":663,"column":54}},"663":{"start":{"line":664,"column":0},"end":{"line":664,"column":75}},"664":{"start":{"line":665,"column":0},"end":{"line":665,"column":23}},"665":{"start":{"line":666,"column":0},"end":{"line":666,"column":7}},"666":{"start":{"line":667,"column":0},"end":{"line":667,"column":3}},"670":{"start":{"line":671,"column":0},"end":{"line":671,"column":74}},"671":{"start":{"line":672,"column":0},"end":{"line":672,"column":63}},"672":{"start":{"line":673,"column":0},"end":{"line":673,"column":21}},"673":{"start":{"line":674,"column":0},"end":{"line":674,"column":33}},"674":{"start":{"line":675,"column":0},"end":{"line":675,"column":7}},"675":{"start":{"line":676,"column":0},"end":{"line":676,"column":3}},"677":{"start":{"line":678,"column":0},"end":{"line":678,"column":86}},"678":{"start":{"line":679,"column":0},"end":{"line":679,"column":69}},"679":{"start":{"line":680,"column":0},"end":{"line":680,"column":20}},"680":{"start":{"line":681,"column":0},"end":{"line":681,"column":33}},"681":{"start":{"line":682,"column":0},"end":{"line":682,"column":7}},"682":{"start":{"line":683,"column":0},"end":{"line":683,"column":3}},"684":{"start":{"line":685,"column":0},"end":{"line":685,"column":54}},"685":{"start":{"line":686,"column":0},"end":{"line":686,"column":75}},"686":{"start":{"line":687,"column":0},"end":{"line":687,"column":23}},"687":{"start":{"line":688,"column":0},"end":{"line":688,"column":7}},"688":{"start":{"line":689,"column":0},"end":{"line":689,"column":3}},"692":{"start":{"line":693,"column":0},"end":{"line":693,"column":93}},"693":{"start":{"line":694,"column":0},"end":{"line":694,"column":49}},"694":{"start":{"line":695,"column":0},"end":{"line":695,"column":59}},"695":{"start":{"line":696,"column":0},"end":{"line":696,"column":6}},"696":{"start":{"line":697,"column":0},"end":{"line":697,"column":3}},"700":{"start":{"line":701,"column":0},"end":{"line":701,"column":56}},"701":{"start":{"line":702,"column":0},"end":{"line":702,"column":59}},"702":{"start":{"line":703,"column":0},"end":{"line":703,"column":3}},"704":{"start":{"line":705,"column":0},"end":{"line":705,"column":86}},"705":{"start":{"line":706,"column":0},"end":{"line":706,"column":60}},"706":{"start":{"line":707,"column":0},"end":{"line":707,"column":22}},"707":{"start":{"line":708,"column":0},"end":{"line":708,"column":33}},"708":{"start":{"line":709,"column":0},"end":{"line":709,"column":7}},"709":{"start":{"line":710,"column":0},"end":{"line":710,"column":3}},"711":{"start":{"line":712,"column":0},"end":{"line":712,"column":51}},"712":{"start":{"line":713,"column":0},"end":{"line":713,"column":64}},"713":{"start":{"line":714,"column":0},"end":{"line":714,"column":3}},"715":{"start":{"line":716,"column":0},"end":{"line":716,"column":50}},"716":{"start":{"line":717,"column":0},"end":{"line":717,"column":67}},"717":{"start":{"line":718,"column":0},"end":{"line":718,"column":21}},"718":{"start":{"line":719,"column":0},"end":{"line":719,"column":7}},"719":{"start":{"line":720,"column":0},"end":{"line":720,"column":3}},"721":{"start":{"line":722,"column":0},"end":{"line":722,"column":95}},"722":{"start":{"line":723,"column":0},"end":{"line":723,"column":32}},"723":{"start":{"line":724,"column":0},"end":{"line":724,"column":41}},"724":{"start":{"line":725,"column":0},"end":{"line":725,"column":35}},"725":{"start":{"line":726,"column":0},"end":{"line":726,"column":64}},"726":{"start":{"line":727,"column":0},"end":{"line":727,"column":19}},"727":{"start":{"line":728,"column":0},"end":{"line":728,"column":8}},"728":{"start":{"line":729,"column":0},"end":{"line":729,"column":78}},"729":{"start":{"line":730,"column":0},"end":{"line":730,"column":29}},"730":{"start":{"line":731,"column":0},"end":{"line":731,"column":5}},"731":{"start":{"line":732,"column":0},"end":{"line":732,"column":68}},"732":{"start":{"line":733,"column":0},"end":{"line":733,"column":3}},"736":{"start":{"line":737,"column":0},"end":{"line":737,"column":40}},"737":{"start":{"line":738,"column":0},"end":{"line":738,"column":60}},"738":{"start":{"line":739,"column":0},"end":{"line":739,"column":3}},"740":{"start":{"line":741,"column":0},"end":{"line":741,"column":52}},"741":{"start":{"line":742,"column":0},"end":{"line":742,"column":69}},"742":{"start":{"line":743,"column":0},"end":{"line":743,"column":21}},"743":{"start":{"line":744,"column":0},"end":{"line":744,"column":7}},"744":{"start":{"line":745,"column":0},"end":{"line":745,"column":3}},"746":{"start":{"line":747,"column":0},"end":{"line":747,"column":43}},"747":{"start":{"line":748,"column":0},"end":{"line":748,"column":63}},"748":{"start":{"line":749,"column":0},"end":{"line":749,"column":3}},"750":{"start":{"line":751,"column":0},"end":{"line":751,"column":43}},"751":{"start":{"line":752,"column":0},"end":{"line":752,"column":55}},"752":{"start":{"line":753,"column":0},"end":{"line":753,"column":3}},"754":{"start":{"line":755,"column":0},"end":{"line":755,"column":40}},"755":{"start":{"line":756,"column":0},"end":{"line":756,"column":49}},"756":{"start":{"line":757,"column":0},"end":{"line":757,"column":23}},"757":{"start":{"line":758,"column":0},"end":{"line":758,"column":7}},"758":{"start":{"line":759,"column":0},"end":{"line":759,"column":3}},"762":{"start":{"line":763,"column":0},"end":{"line":763,"column":62}},"763":{"start":{"line":764,"column":0},"end":{"line":764,"column":73}},"764":{"start":{"line":765,"column":0},"end":{"line":765,"column":3}},"766":{"start":{"line":767,"column":0},"end":{"line":767,"column":99}},"767":{"start":{"line":768,"column":0},"end":{"line":768,"column":78}},"768":{"start":{"line":769,"column":0},"end":{"line":769,"column":22}},"769":{"start":{"line":770,"column":0},"end":{"line":770,"column":33}},"770":{"start":{"line":771,"column":0},"end":{"line":771,"column":7}},"771":{"start":{"line":772,"column":0},"end":{"line":772,"column":3}},"773":{"start":{"line":774,"column":0},"end":{"line":774,"column":65}},"774":{"start":{"line":775,"column":0},"end":{"line":775,"column":84}},"775":{"start":{"line":776,"column":0},"end":{"line":776,"column":21}},"776":{"start":{"line":777,"column":0},"end":{"line":777,"column":7}},"777":{"start":{"line":778,"column":0},"end":{"line":778,"column":3}},"781":{"start":{"line":782,"column":0},"end":{"line":782,"column":58}},"782":{"start":{"line":783,"column":0},"end":{"line":783,"column":77}},"783":{"start":{"line":784,"column":0},"end":{"line":784,"column":3}},"785":{"start":{"line":786,"column":0},"end":{"line":786,"column":86}},"786":{"start":{"line":787,"column":0},"end":{"line":787,"column":78}},"787":{"start":{"line":788,"column":0},"end":{"line":788,"column":20}},"788":{"start":{"line":789,"column":0},"end":{"line":789,"column":33}},"789":{"start":{"line":790,"column":0},"end":{"line":790,"column":7}},"790":{"start":{"line":791,"column":0},"end":{"line":791,"column":3}},"794":{"start":{"line":795,"column":0},"end":{"line":795,"column":46}},"795":{"start":{"line":796,"column":0},"end":{"line":796,"column":58}},"796":{"start":{"line":797,"column":0},"end":{"line":797,"column":3}},"798":{"start":{"line":799,"column":0},"end":{"line":799,"column":55}},"799":{"start":{"line":800,"column":0},"end":{"line":800,"column":68}},"800":{"start":{"line":801,"column":0},"end":{"line":801,"column":3}},"802":{"start":{"line":803,"column":0},"end":{"line":803,"column":54}},"803":{"start":{"line":804,"column":0},"end":{"line":804,"column":63}},"804":{"start":{"line":805,"column":0},"end":{"line":805,"column":3}},"808":{"start":{"line":809,"column":0},"end":{"line":809,"column":104}},"809":{"start":{"line":810,"column":0},"end":{"line":810,"column":69}},"810":{"start":{"line":811,"column":0},"end":{"line":811,"column":21}},"811":{"start":{"line":812,"column":0},"end":{"line":812,"column":29}},"812":{"start":{"line":813,"column":0},"end":{"line":813,"column":38}},"813":{"start":{"line":814,"column":0},"end":{"line":814,"column":31}},"814":{"start":{"line":815,"column":0},"end":{"line":815,"column":9}},"815":{"start":{"line":816,"column":0},"end":{"line":816,"column":7}},"816":{"start":{"line":817,"column":0},"end":{"line":817,"column":3}},"818":{"start":{"line":819,"column":0},"end":{"line":819,"column":64}},"819":{"start":{"line":820,"column":0},"end":{"line":820,"column":77}},"820":{"start":{"line":821,"column":0},"end":{"line":821,"column":3}},"822":{"start":{"line":823,"column":0},"end":{"line":823,"column":71}},"823":{"start":{"line":824,"column":0},"end":{"line":824,"column":81}},"824":{"start":{"line":825,"column":0},"end":{"line":825,"column":3}},"826":{"start":{"line":827,"column":0},"end":{"line":827,"column":101}},"827":{"start":{"line":828,"column":0},"end":{"line":828,"column":45}},"828":{"start":{"line":829,"column":0},"end":{"line":829,"column":41}},"829":{"start":{"line":830,"column":0},"end":{"line":830,"column":28}},"830":{"start":{"line":831,"column":0},"end":{"line":831,"column":6}},"832":{"start":{"line":833,"column":0},"end":{"line":833,"column":99}},"833":{"start":{"line":834,"column":0},"end":{"line":834,"column":21}},"834":{"start":{"line":835,"column":0},"end":{"line":835,"column":14}},"835":{"start":{"line":836,"column":0},"end":{"line":836,"column":40}},"836":{"start":{"line":837,"column":0},"end":{"line":837,"column":7}},"838":{"start":{"line":839,"column":0},"end":{"line":839,"column":23}},"839":{"start":{"line":840,"column":0},"end":{"line":840,"column":60}},"840":{"start":{"line":841,"column":0},"end":{"line":841,"column":5}},"842":{"start":{"line":843,"column":0},"end":{"line":843,"column":25}},"843":{"start":{"line":844,"column":0},"end":{"line":844,"column":42}},"844":{"start":{"line":845,"column":0},"end":{"line":845,"column":5}},"846":{"start":{"line":847,"column":0},"end":{"line":847,"column":25}},"847":{"start":{"line":848,"column":0},"end":{"line":848,"column":3}},"849":{"start":{"line":850,"column":0},"end":{"line":850,"column":64}},"850":{"start":{"line":851,"column":0},"end":{"line":851,"column":84}},"851":{"start":{"line":852,"column":0},"end":{"line":852,"column":3}},"853":{"start":{"line":854,"column":0},"end":{"line":854,"column":30}},"854":{"start":{"line":855,"column":0},"end":{"line":855,"column":29}},"855":{"start":{"line":856,"column":0},"end":{"line":856,"column":41}},"856":{"start":{"line":857,"column":0},"end":{"line":857,"column":45}},"857":{"start":{"line":858,"column":0},"end":{"line":858,"column":55}},"858":{"start":{"line":859,"column":0},"end":{"line":859,"column":66}},"859":{"start":{"line":860,"column":0},"end":{"line":860,"column":7}},"860":{"start":{"line":861,"column":0},"end":{"line":861,"column":23}},"861":{"start":{"line":862,"column":0},"end":{"line":862,"column":38}},"862":{"start":{"line":863,"column":0},"end":{"line":863,"column":7}},"863":{"start":{"line":864,"column":0},"end":{"line":864,"column":6}},"864":{"start":{"line":865,"column":0},"end":{"line":865,"column":3}},"866":{"start":{"line":867,"column":0},"end":{"line":867,"column":36}},"869":{"start":{"line":870,"column":0},"end":{"line":870,"column":32}},"870":{"start":{"line":871,"column":0},"end":{"line":871,"column":41}},"871":{"start":{"line":872,"column":0},"end":{"line":872,"column":54}},"872":{"start":{"line":873,"column":0},"end":{"line":873,"column":38}},"873":{"start":{"line":874,"column":0},"end":{"line":874,"column":52}},"874":{"start":{"line":875,"column":0},"end":{"line":875,"column":8}},"875":{"start":{"line":876,"column":0},"end":{"line":876,"column":6}},"876":{"start":{"line":877,"column":0},"end":{"line":877,"column":3}},"878":{"start":{"line":879,"column":0},"end":{"line":879,"column":64}},"879":{"start":{"line":880,"column":0},"end":{"line":880,"column":80}},"880":{"start":{"line":881,"column":0},"end":{"line":881,"column":3}},"882":{"start":{"line":883,"column":0},"end":{"line":883,"column":54}},"883":{"start":{"line":884,"column":0},"end":{"line":884,"column":73}},"884":{"start":{"line":885,"column":0},"end":{"line":885,"column":3}},"886":{"start":{"line":887,"column":0},"end":{"line":887,"column":89}},"887":{"start":{"line":888,"column":0},"end":{"line":888,"column":69}},"888":{"start":{"line":889,"column":0},"end":{"line":889,"column":21}},"889":{"start":{"line":890,"column":0},"end":{"line":890,"column":33}},"890":{"start":{"line":891,"column":0},"end":{"line":891,"column":7}},"891":{"start":{"line":892,"column":0},"end":{"line":892,"column":3}},"893":{"start":{"line":894,"column":0},"end":{"line":894,"column":75}},"894":{"start":{"line":895,"column":0},"end":{"line":895,"column":47}},"895":{"start":{"line":896,"column":0},"end":{"line":896,"column":67}},"896":{"start":{"line":897,"column":0},"end":{"line":897,"column":6}},"897":{"start":{"line":898,"column":0},"end":{"line":898,"column":3}},"899":{"start":{"line":900,"column":0},"end":{"line":900,"column":101}},"900":{"start":{"line":901,"column":0},"end":{"line":901,"column":81}},"901":{"start":{"line":902,"column":0},"end":{"line":902,"column":21}},"902":{"start":{"line":903,"column":0},"end":{"line":903,"column":33}},"903":{"start":{"line":904,"column":0},"end":{"line":904,"column":7}},"904":{"start":{"line":905,"column":0},"end":{"line":905,"column":3}},"906":{"start":{"line":907,"column":0},"end":{"line":907,"column":43}},"910":{"start":{"line":911,"column":0},"end":{"line":911,"column":39}},"911":{"start":{"line":912,"column":0},"end":{"line":912,"column":48}},"912":{"start":{"line":913,"column":0},"end":{"line":913,"column":55}},"913":{"start":{"line":914,"column":0},"end":{"line":914,"column":31}},"914":{"start":{"line":915,"column":0},"end":{"line":915,"column":52}},"915":{"start":{"line":916,"column":0},"end":{"line":916,"column":51}},"916":{"start":{"line":917,"column":0},"end":{"line":917,"column":8}},"917":{"start":{"line":918,"column":0},"end":{"line":918,"column":6}},"918":{"start":{"line":919,"column":0},"end":{"line":919,"column":3}},"920":{"start":{"line":921,"column":0},"end":{"line":921,"column":36}},"921":{"start":{"line":922,"column":0},"end":{"line":922,"column":21}},"922":{"start":{"line":923,"column":0},"end":{"line":923,"column":37}},"923":{"start":{"line":924,"column":0},"end":{"line":924,"column":36}},"924":{"start":{"line":925,"column":0},"end":{"line":925,"column":46}},"925":{"start":{"line":926,"column":0},"end":{"line":926,"column":59}},"926":{"start":{"line":927,"column":0},"end":{"line":927,"column":7}},"927":{"start":{"line":928,"column":0},"end":{"line":928,"column":23}},"928":{"start":{"line":929,"column":0},"end":{"line":929,"column":35}},"929":{"start":{"line":930,"column":0},"end":{"line":930,"column":7}},"930":{"start":{"line":931,"column":0},"end":{"line":931,"column":6}},"931":{"start":{"line":932,"column":0},"end":{"line":932,"column":3}},"933":{"start":{"line":934,"column":0},"end":{"line":934,"column":35}},"934":{"start":{"line":935,"column":0},"end":{"line":935,"column":21}},"935":{"start":{"line":936,"column":0},"end":{"line":936,"column":18}},"936":{"start":{"line":937,"column":0},"end":{"line":937,"column":36}},"937":{"start":{"line":938,"column":0},"end":{"line":938,"column":46}},"938":{"start":{"line":939,"column":0},"end":{"line":939,"column":84}},"939":{"start":{"line":940,"column":0},"end":{"line":940,"column":7}},"940":{"start":{"line":941,"column":0},"end":{"line":941,"column":23}},"941":{"start":{"line":942,"column":0},"end":{"line":942,"column":7}},"942":{"start":{"line":943,"column":0},"end":{"line":943,"column":6}},"943":{"start":{"line":944,"column":0},"end":{"line":944,"column":3}},"945":{"start":{"line":946,"column":0},"end":{"line":946,"column":48}},"946":{"start":{"line":947,"column":0},"end":{"line":947,"column":21}},"947":{"start":{"line":948,"column":0},"end":{"line":948,"column":49}},"948":{"start":{"line":949,"column":0},"end":{"line":949,"column":36}},"949":{"start":{"line":950,"column":0},"end":{"line":950,"column":46}},"950":{"start":{"line":951,"column":0},"end":{"line":951,"column":73}},"951":{"start":{"line":952,"column":0},"end":{"line":952,"column":7}},"952":{"start":{"line":953,"column":0},"end":{"line":953,"column":23}},"953":{"start":{"line":954,"column":0},"end":{"line":954,"column":35}},"954":{"start":{"line":955,"column":0},"end":{"line":955,"column":7}},"955":{"start":{"line":956,"column":0},"end":{"line":956,"column":6}},"956":{"start":{"line":957,"column":0},"end":{"line":957,"column":3}},"958":{"start":{"line":959,"column":0},"end":{"line":959,"column":74}},"959":{"start":{"line":960,"column":0},"end":{"line":960,"column":85}},"960":{"start":{"line":961,"column":0},"end":{"line":961,"column":3}},"962":{"start":{"line":963,"column":0},"end":{"line":963,"column":78}},"963":{"start":{"line":964,"column":0},"end":{"line":964,"column":97}},"964":{"start":{"line":965,"column":0},"end":{"line":965,"column":3}},"968":{"start":{"line":969,"column":0},"end":{"line":969,"column":52}},"969":{"start":{"line":970,"column":0},"end":{"line":970,"column":63}},"970":{"start":{"line":971,"column":0},"end":{"line":971,"column":3}},"972":{"start":{"line":973,"column":0},"end":{"line":973,"column":77}},"973":{"start":{"line":974,"column":0},"end":{"line":974,"column":62}},"974":{"start":{"line":975,"column":0},"end":{"line":975,"column":21}},"975":{"start":{"line":976,"column":0},"end":{"line":976,"column":33}},"976":{"start":{"line":977,"column":0},"end":{"line":977,"column":7}},"977":{"start":{"line":978,"column":0},"end":{"line":978,"column":3}},"979":{"start":{"line":980,"column":0},"end":{"line":980,"column":68}},"980":{"start":{"line":981,"column":0},"end":{"line":981,"column":82}},"981":{"start":{"line":982,"column":0},"end":{"line":982,"column":21}},"982":{"start":{"line":983,"column":0},"end":{"line":983,"column":7}},"983":{"start":{"line":984,"column":0},"end":{"line":984,"column":3}},"987":{"start":{"line":988,"column":0},"end":{"line":988,"column":49}},"988":{"start":{"line":989,"column":0},"end":{"line":989,"column":62}},"989":{"start":{"line":990,"column":0},"end":{"line":990,"column":3}},"991":{"start":{"line":992,"column":0},"end":{"line":992,"column":56}},"992":{"start":{"line":993,"column":0},"end":{"line":993,"column":66}},"993":{"start":{"line":994,"column":0},"end":{"line":994,"column":3}},"995":{"start":{"line":996,"column":0},"end":{"line":996,"column":57}},"996":{"start":{"line":997,"column":0},"end":{"line":997,"column":74}},"997":{"start":{"line":998,"column":0},"end":{"line":998,"column":21}},"998":{"start":{"line":999,"column":0},"end":{"line":999,"column":7}},"999":{"start":{"line":1000,"column":0},"end":{"line":1000,"column":3}},"1003":{"start":{"line":1004,"column":0},"end":{"line":1004,"column":55}},"1004":{"start":{"line":1005,"column":0},"end":{"line":1005,"column":73}},"1005":{"start":{"line":1006,"column":0},"end":{"line":1006,"column":3}},"1007":{"start":{"line":1008,"column":0},"end":{"line":1008,"column":56}},"1008":{"start":{"line":1009,"column":0},"end":{"line":1009,"column":71}},"1009":{"start":{"line":1010,"column":0},"end":{"line":1010,"column":3}},"1011":{"start":{"line":1012,"column":0},"end":{"line":1012,"column":54}},"1012":{"start":{"line":1013,"column":0},"end":{"line":1013,"column":72}},"1013":{"start":{"line":1014,"column":0},"end":{"line":1014,"column":3}},"1015":{"start":{"line":1016,"column":0},"end":{"line":1016,"column":51}},"1016":{"start":{"line":1017,"column":0},"end":{"line":1017,"column":68}},"1017":{"start":{"line":1018,"column":0},"end":{"line":1018,"column":3}},"1019":{"start":{"line":1020,"column":0},"end":{"line":1020,"column":49}},"1020":{"start":{"line":1021,"column":0},"end":{"line":1021,"column":67}},"1021":{"start":{"line":1022,"column":0},"end":{"line":1022,"column":3}},"1023":{"start":{"line":1024,"column":0},"end":{"line":1024,"column":50}},"1024":{"start":{"line":1025,"column":0},"end":{"line":1025,"column":67}},"1025":{"start":{"line":1026,"column":0},"end":{"line":1026,"column":3}},"1027":{"start":{"line":1028,"column":0},"end":{"line":1028,"column":42}},"1028":{"start":{"line":1029,"column":0},"end":{"line":1029,"column":59}},"1029":{"start":{"line":1030,"column":0},"end":{"line":1030,"column":3}},"1031":{"start":{"line":1032,"column":0},"end":{"line":1032,"column":42}},"1032":{"start":{"line":1033,"column":0},"end":{"line":1033,"column":59}},"1033":{"start":{"line":1034,"column":0},"end":{"line":1034,"column":3}},"1035":{"start":{"line":1036,"column":0},"end":{"line":1036,"column":50}},"1036":{"start":{"line":1037,"column":0},"end":{"line":1037,"column":67}},"1037":{"start":{"line":1038,"column":0},"end":{"line":1038,"column":3}},"1039":{"start":{"line":1040,"column":0},"end":{"line":1040,"column":53}},"1040":{"start":{"line":1041,"column":0},"end":{"line":1041,"column":71}},"1041":{"start":{"line":1042,"column":0},"end":{"line":1042,"column":3}},"1043":{"start":{"line":1044,"column":0},"end":{"line":1044,"column":64}},"1044":{"start":{"line":1045,"column":0},"end":{"line":1045,"column":74}},"1045":{"start":{"line":1046,"column":0},"end":{"line":1046,"column":3}},"1049":{"start":{"line":1050,"column":0},"end":{"line":1050,"column":86}},"1050":{"start":{"line":1051,"column":0},"end":{"line":1051,"column":68}},"1051":{"start":{"line":1052,"column":0},"end":{"line":1052,"column":21}},"1052":{"start":{"line":1053,"column":0},"end":{"line":1053,"column":42}},"1053":{"start":{"line":1054,"column":0},"end":{"line":1054,"column":7}},"1054":{"start":{"line":1055,"column":0},"end":{"line":1055,"column":3}},"1056":{"start":{"line":1057,"column":0},"end":{"line":1057,"column":89}},"1057":{"start":{"line":1058,"column":0},"end":{"line":1058,"column":73}},"1058":{"start":{"line":1059,"column":0},"end":{"line":1059,"column":21}},"1059":{"start":{"line":1060,"column":0},"end":{"line":1060,"column":36}},"1060":{"start":{"line":1061,"column":0},"end":{"line":1061,"column":7}},"1061":{"start":{"line":1062,"column":0},"end":{"line":1062,"column":3}},"1063":{"start":{"line":1064,"column":0},"end":{"line":1064,"column":51}},"1064":{"start":{"line":1065,"column":0},"end":{"line":1065,"column":67}},"1065":{"start":{"line":1066,"column":0},"end":{"line":1066,"column":3}},"1067":{"start":{"line":1068,"column":0},"end":{"line":1068,"column":96}},"1068":{"start":{"line":1069,"column":0},"end":{"line":1069,"column":51}},"1069":{"start":{"line":1070,"column":0},"end":{"line":1070,"column":53}},"1070":{"start":{"line":1071,"column":0},"end":{"line":1071,"column":39}},"1071":{"start":{"line":1072,"column":0},"end":{"line":1072,"column":39}},"1072":{"start":{"line":1073,"column":0},"end":{"line":1073,"column":35}},"1073":{"start":{"line":1074,"column":0},"end":{"line":1074,"column":35}},"1074":{"start":{"line":1075,"column":0},"end":{"line":1075,"column":27}},"1075":{"start":{"line":1076,"column":0},"end":{"line":1076,"column":37}},"1076":{"start":{"line":1077,"column":0},"end":{"line":1077,"column":8}},"1077":{"start":{"line":1078,"column":0},"end":{"line":1078,"column":6}},"1078":{"start":{"line":1079,"column":0},"end":{"line":1079,"column":3}},"1080":{"start":{"line":1081,"column":0},"end":{"line":1081,"column":71}},"1081":{"start":{"line":1082,"column":0},"end":{"line":1082,"column":41}},"1082":{"start":{"line":1083,"column":0},"end":{"line":1083,"column":67}},"1083":{"start":{"line":1084,"column":0},"end":{"line":1084,"column":6}},"1084":{"start":{"line":1085,"column":0},"end":{"line":1085,"column":3}},"1086":{"start":{"line":1087,"column":0},"end":{"line":1087,"column":58}},"1087":{"start":{"line":1088,"column":0},"end":{"line":1088,"column":78}},"1088":{"start":{"line":1089,"column":0},"end":{"line":1089,"column":3}},"1090":{"start":{"line":1091,"column":0},"end":{"line":1091,"column":43}},"1091":{"start":{"line":1092,"column":0},"end":{"line":1092,"column":26}},"1092":{"start":{"line":1093,"column":0},"end":{"line":1093,"column":44}},"1093":{"start":{"line":1094,"column":0},"end":{"line":1094,"column":31}},"1094":{"start":{"line":1095,"column":0},"end":{"line":1095,"column":91}},"1095":{"start":{"line":1096,"column":0},"end":{"line":1096,"column":22}},"1096":{"start":{"line":1097,"column":0},"end":{"line":1097,"column":33}},"1097":{"start":{"line":1098,"column":0},"end":{"line":1098,"column":7}},"1098":{"start":{"line":1099,"column":0},"end":{"line":1099,"column":3}},"1102":{"start":{"line":1103,"column":0},"end":{"line":1103,"column":41}},"1108":{"start":{"line":1109,"column":0},"end":{"line":1109,"column":40}},"1109":{"start":{"line":1110,"column":0},"end":{"line":1110,"column":49}},"1110":{"start":{"line":1111,"column":0},"end":{"line":1111,"column":73}},"1111":{"start":{"line":1112,"column":0},"end":{"line":1112,"column":6}},"1112":{"start":{"line":1113,"column":0},"end":{"line":1113,"column":3}},"1116":{"start":{"line":1117,"column":0},"end":{"line":1117,"column":95}},"1117":{"start":{"line":1118,"column":0},"end":{"line":1118,"column":77}},"1118":{"start":{"line":1119,"column":0},"end":{"line":1119,"column":21}},"1119":{"start":{"line":1120,"column":0},"end":{"line":1120,"column":33}},"1120":{"start":{"line":1121,"column":0},"end":{"line":1121,"column":7}},"1121":{"start":{"line":1122,"column":0},"end":{"line":1122,"column":3}},"1123":{"start":{"line":1124,"column":0},"end":{"line":1124,"column":93}},"1124":{"start":{"line":1125,"column":0},"end":{"line":1125,"column":51}},"1125":{"start":{"line":1126,"column":0},"end":{"line":1126,"column":67}},"1126":{"start":{"line":1127,"column":0},"end":{"line":1127,"column":6}},"1127":{"start":{"line":1128,"column":0},"end":{"line":1128,"column":3}},"1129":{"start":{"line":1130,"column":0},"end":{"line":1130,"column":130}},"1130":{"start":{"line":1131,"column":0},"end":{"line":1131,"column":47}},"1131":{"start":{"line":1132,"column":0},"end":{"line":1132,"column":46}},"1132":{"start":{"line":1133,"column":0},"end":{"line":1133,"column":32}},"1133":{"start":{"line":1134,"column":0},"end":{"line":1134,"column":29}},"1134":{"start":{"line":1135,"column":0},"end":{"line":1135,"column":69}},"1135":{"start":{"line":1136,"column":0},"end":{"line":1136,"column":8}},"1136":{"start":{"line":1137,"column":0},"end":{"line":1137,"column":6}},"1137":{"start":{"line":1138,"column":0},"end":{"line":1138,"column":3}},"1139":{"start":{"line":1140,"column":0},"end":{"line":1140,"column":125}},"1140":{"start":{"line":1141,"column":0},"end":{"line":1141,"column":51}},"1141":{"start":{"line":1142,"column":0},"end":{"line":1142,"column":121}},"1142":{"start":{"line":1143,"column":0},"end":{"line":1143,"column":24}},"1143":{"start":{"line":1144,"column":0},"end":{"line":1144,"column":6}},"1144":{"start":{"line":1145,"column":0},"end":{"line":1145,"column":3}},"1146":{"start":{"line":1147,"column":0},"end":{"line":1147,"column":74}},"1147":{"start":{"line":1148,"column":0},"end":{"line":1148,"column":103}},"1148":{"start":{"line":1149,"column":0},"end":{"line":1149,"column":3}},"1152":{"start":{"line":1153,"column":0},"end":{"line":1153,"column":69}},"1153":{"start":{"line":1154,"column":0},"end":{"line":1154,"column":70}},"1154":{"start":{"line":1155,"column":0},"end":{"line":1155,"column":21}},"1155":{"start":{"line":1156,"column":0},"end":{"line":1156,"column":33}},"1156":{"start":{"line":1157,"column":0},"end":{"line":1157,"column":7}},"1157":{"start":{"line":1158,"column":0},"end":{"line":1158,"column":3}},"1159":{"start":{"line":1160,"column":0},"end":{"line":1160,"column":71}},"1160":{"start":{"line":1161,"column":0},"end":{"line":1161,"column":35}},"1161":{"start":{"line":1162,"column":0},"end":{"line":1162,"column":81}},"1162":{"start":{"line":1163,"column":0},"end":{"line":1163,"column":6}},"1163":{"start":{"line":1164,"column":0},"end":{"line":1164,"column":3}},"1165":{"start":{"line":1166,"column":0},"end":{"line":1166,"column":54}},"1166":{"start":{"line":1167,"column":0},"end":{"line":1167,"column":79}},"1167":{"start":{"line":1168,"column":0},"end":{"line":1168,"column":3}},"1169":{"start":{"line":1170,"column":0},"end":{"line":1170,"column":85}},"1170":{"start":{"line":1171,"column":0},"end":{"line":1171,"column":80}},"1171":{"start":{"line":1172,"column":0},"end":{"line":1172,"column":22}},"1172":{"start":{"line":1173,"column":0},"end":{"line":1173,"column":33}},"1173":{"start":{"line":1174,"column":0},"end":{"line":1174,"column":7}},"1174":{"start":{"line":1175,"column":0},"end":{"line":1175,"column":3}},"1176":{"start":{"line":1177,"column":0},"end":{"line":1177,"column":106}},"1177":{"start":{"line":1178,"column":0},"end":{"line":1178,"column":96}},"1178":{"start":{"line":1179,"column":0},"end":{"line":1179,"column":21}},"1179":{"start":{"line":1180,"column":0},"end":{"line":1180,"column":33}},"1180":{"start":{"line":1181,"column":0},"end":{"line":1181,"column":7}},"1181":{"start":{"line":1182,"column":0},"end":{"line":1182,"column":3}},"1183":{"start":{"line":1184,"column":0},"end":{"line":1184,"column":101}},"1184":{"start":{"line":1185,"column":0},"end":{"line":1185,"column":42}},"1185":{"start":{"line":1186,"column":0},"end":{"line":1186,"column":100}},"1186":{"start":{"line":1187,"column":0},"end":{"line":1187,"column":6}},"1187":{"start":{"line":1188,"column":0},"end":{"line":1188,"column":3}},"1189":{"start":{"line":1190,"column":0},"end":{"line":1190,"column":91}},"1190":{"start":{"line":1191,"column":0},"end":{"line":1191,"column":40}},"1191":{"start":{"line":1192,"column":0},"end":{"line":1192,"column":81}},"1192":{"start":{"line":1193,"column":0},"end":{"line":1193,"column":24}},"1193":{"start":{"line":1194,"column":0},"end":{"line":1194,"column":6}},"1194":{"start":{"line":1195,"column":0},"end":{"line":1195,"column":3}},"1196":{"start":{"line":1197,"column":0},"end":{"line":1197,"column":106}},"1197":{"start":{"line":1198,"column":0},"end":{"line":1198,"column":96}},"1198":{"start":{"line":1199,"column":0},"end":{"line":1199,"column":21}},"1199":{"start":{"line":1200,"column":0},"end":{"line":1200,"column":33}},"1200":{"start":{"line":1201,"column":0},"end":{"line":1201,"column":7}},"1201":{"start":{"line":1202,"column":0},"end":{"line":1202,"column":3}},"1203":{"start":{"line":1204,"column":0},"end":{"line":1204,"column":101}},"1204":{"start":{"line":1205,"column":0},"end":{"line":1205,"column":42}},"1205":{"start":{"line":1206,"column":0},"end":{"line":1206,"column":100}},"1206":{"start":{"line":1207,"column":0},"end":{"line":1207,"column":6}},"1207":{"start":{"line":1208,"column":0},"end":{"line":1208,"column":3}},"1209":{"start":{"line":1210,"column":0},"end":{"line":1210,"column":31}},"1210":{"start":{"line":1211,"column":0},"end":{"line":1211,"column":19}},"1211":{"start":{"line":1212,"column":0},"end":{"line":1212,"column":42}},"1212":{"start":{"line":1213,"column":0},"end":{"line":1213,"column":35}},"1213":{"start":{"line":1214,"column":0},"end":{"line":1214,"column":45}},"1214":{"start":{"line":1215,"column":0},"end":{"line":1215,"column":65}},"1215":{"start":{"line":1216,"column":0},"end":{"line":1216,"column":7}},"1216":{"start":{"line":1217,"column":0},"end":{"line":1217,"column":23}},"1217":{"start":{"line":1218,"column":0},"end":{"line":1218,"column":35}},"1218":{"start":{"line":1219,"column":0},"end":{"line":1219,"column":7}},"1219":{"start":{"line":1220,"column":0},"end":{"line":1220,"column":6}},"1220":{"start":{"line":1221,"column":0},"end":{"line":1221,"column":3}},"1222":{"start":{"line":1223,"column":0},"end":{"line":1223,"column":82}},"1223":{"start":{"line":1224,"column":0},"end":{"line":1224,"column":47}},"1224":{"start":{"line":1225,"column":0},"end":{"line":1225,"column":64}},"1225":{"start":{"line":1226,"column":0},"end":{"line":1226,"column":6}},"1226":{"start":{"line":1227,"column":0},"end":{"line":1227,"column":3}},"1228":{"start":{"line":1229,"column":0},"end":{"line":1229,"column":104}},"1229":{"start":{"line":1230,"column":0},"end":{"line":1230,"column":44}},"1230":{"start":{"line":1231,"column":0},"end":{"line":1231,"column":83}},"1231":{"start":{"line":1232,"column":0},"end":{"line":1232,"column":26}},"1232":{"start":{"line":1233,"column":0},"end":{"line":1233,"column":6}},"1233":{"start":{"line":1234,"column":0},"end":{"line":1234,"column":3}},"1235":{"start":{"line":1236,"column":0},"end":{"line":1236,"column":100}},"1236":{"start":{"line":1237,"column":0},"end":{"line":1237,"column":92}},"1237":{"start":{"line":1238,"column":0},"end":{"line":1238,"column":21}},"1238":{"start":{"line":1239,"column":0},"end":{"line":1239,"column":33}},"1239":{"start":{"line":1240,"column":0},"end":{"line":1240,"column":7}},"1240":{"start":{"line":1241,"column":0},"end":{"line":1241,"column":3}},"1242":{"start":{"line":1243,"column":0},"end":{"line":1243,"column":97}},"1243":{"start":{"line":1244,"column":0},"end":{"line":1244,"column":40}},"1244":{"start":{"line":1245,"column":0},"end":{"line":1245,"column":98}},"1245":{"start":{"line":1246,"column":0},"end":{"line":1246,"column":6}},"1246":{"start":{"line":1247,"column":0},"end":{"line":1247,"column":3}},"1248":{"start":{"line":1249,"column":0},"end":{"line":1249,"column":88}},"1249":{"start":{"line":1250,"column":0},"end":{"line":1250,"column":29}},"1250":{"start":{"line":1251,"column":0},"end":{"line":1251,"column":93}},"1251":{"start":{"line":1252,"column":0},"end":{"line":1252,"column":24}},"1252":{"start":{"line":1253,"column":0},"end":{"line":1253,"column":6}},"1253":{"start":{"line":1254,"column":0},"end":{"line":1254,"column":3}},"1257":{"start":{"line":1258,"column":0},"end":{"line":1258,"column":26}},"1258":{"start":{"line":1259,"column":0},"end":{"line":1259,"column":22}},"1259":{"start":{"line":1260,"column":0},"end":{"line":1260,"column":21}},"1260":{"start":{"line":1261,"column":0},"end":{"line":1261,"column":29}},"1261":{"start":{"line":1262,"column":0},"end":{"line":1262,"column":35}},"1262":{"start":{"line":1263,"column":0},"end":{"line":1263,"column":39}},"1264":{"start":{"line":1265,"column":0},"end":{"line":1265,"column":36}},"1265":{"start":{"line":1266,"column":0},"end":{"line":1266,"column":44}},"1266":{"start":{"line":1267,"column":0},"end":{"line":1267,"column":27}},"1267":{"start":{"line":1268,"column":0},"end":{"line":1268,"column":62}},"1268":{"start":{"line":1269,"column":0},"end":{"line":1269,"column":5}},"1270":{"start":{"line":1271,"column":0},"end":{"line":1271,"column":81}},"1271":{"start":{"line":1272,"column":0},"end":{"line":1272,"column":21}},"1272":{"start":{"line":1273,"column":0},"end":{"line":1273,"column":14}},"1273":{"start":{"line":1274,"column":0},"end":{"line":1274,"column":21}},"1274":{"start":{"line":1275,"column":0},"end":{"line":1275,"column":7}},"1276":{"start":{"line":1277,"column":0},"end":{"line":1277,"column":23}},"1277":{"start":{"line":1278,"column":0},"end":{"line":1278,"column":64}},"1278":{"start":{"line":1279,"column":0},"end":{"line":1279,"column":90}},"1279":{"start":{"line":1280,"column":0},"end":{"line":1280,"column":103}},"1280":{"start":{"line":1281,"column":0},"end":{"line":1281,"column":5}},"1282":{"start":{"line":1283,"column":0},"end":{"line":1283,"column":27}},"1283":{"start":{"line":1284,"column":0},"end":{"line":1284,"column":3}},"1285":{"start":{"line":1286,"column":0},"end":{"line":1286,"column":78}},"1286":{"start":{"line":1287,"column":0},"end":{"line":1287,"column":51}},"1287":{"start":{"line":1288,"column":0},"end":{"line":1288,"column":56}},"1288":{"start":{"line":1289,"column":0},"end":{"line":1289,"column":6}},"1289":{"start":{"line":1290,"column":0},"end":{"line":1290,"column":3}},"1291":{"start":{"line":1292,"column":0},"end":{"line":1292,"column":74}},"1292":{"start":{"line":1293,"column":0},"end":{"line":1293,"column":84}},"1293":{"start":{"line":1294,"column":0},"end":{"line":1294,"column":3}},"1295":{"start":{"line":1296,"column":0},"end":{"line":1296,"column":62}},"1296":{"start":{"line":1297,"column":0},"end":{"line":1297,"column":69}},"1297":{"start":{"line":1298,"column":0},"end":{"line":1298,"column":23}},"1298":{"start":{"line":1299,"column":0},"end":{"line":1299,"column":7}},"1299":{"start":{"line":1300,"column":0},"end":{"line":1300,"column":3}},"1301":{"start":{"line":1302,"column":0},"end":{"line":1302,"column":86}},"1302":{"start":{"line":1303,"column":0},"end":{"line":1303,"column":91}},"1303":{"start":{"line":1304,"column":0},"end":{"line":1304,"column":21}},"1304":{"start":{"line":1305,"column":0},"end":{"line":1305,"column":33}},"1305":{"start":{"line":1306,"column":0},"end":{"line":1306,"column":7}},"1306":{"start":{"line":1307,"column":0},"end":{"line":1307,"column":3}},"1310":{"start":{"line":1311,"column":0},"end":{"line":1311,"column":80}},"1311":{"start":{"line":1312,"column":0},"end":{"line":1312,"column":40}},"1312":{"start":{"line":1313,"column":0},"end":{"line":1313,"column":57}},"1313":{"start":{"line":1314,"column":0},"end":{"line":1314,"column":6}},"1314":{"start":{"line":1315,"column":0},"end":{"line":1315,"column":3}},"1316":{"start":{"line":1317,"column":0},"end":{"line":1317,"column":66}},"1317":{"start":{"line":1318,"column":0},"end":{"line":1318,"column":76}},"1318":{"start":{"line":1319,"column":0},"end":{"line":1319,"column":3}},"1320":{"start":{"line":1321,"column":0},"end":{"line":1321,"column":27}},"1321":{"start":{"line":1322,"column":0},"end":{"line":1322,"column":21}},"1322":{"start":{"line":1323,"column":0},"end":{"line":1323,"column":28}},"1323":{"start":{"line":1324,"column":0},"end":{"line":1324,"column":28}},"1324":{"start":{"line":1325,"column":0},"end":{"line":1325,"column":77}},"1325":{"start":{"line":1326,"column":0},"end":{"line":1326,"column":22}},"1326":{"start":{"line":1327,"column":0},"end":{"line":1327,"column":33}},"1327":{"start":{"line":1328,"column":0},"end":{"line":1328,"column":7}},"1328":{"start":{"line":1329,"column":0},"end":{"line":1329,"column":3}},"1330":{"start":{"line":1331,"column":0},"end":{"line":1331,"column":60}},"1331":{"start":{"line":1332,"column":0},"end":{"line":1332,"column":96}},"1332":{"start":{"line":1333,"column":0},"end":{"line":1333,"column":34}},"1333":{"start":{"line":1334,"column":0},"end":{"line":1334,"column":7}},"1334":{"start":{"line":1335,"column":0},"end":{"line":1335,"column":76}},"1335":{"start":{"line":1336,"column":0},"end":{"line":1336,"column":27}},"1336":{"start":{"line":1337,"column":0},"end":{"line":1337,"column":3}},"1340":{"start":{"line":1341,"column":0},"end":{"line":1341,"column":63}},"1341":{"start":{"line":1342,"column":0},"end":{"line":1342,"column":73}},"1342":{"start":{"line":1343,"column":0},"end":{"line":1343,"column":3}},"1346":{"start":{"line":1347,"column":0},"end":{"line":1347,"column":63}},"1347":{"start":{"line":1348,"column":0},"end":{"line":1348,"column":76}},"1348":{"start":{"line":1349,"column":0},"end":{"line":1349,"column":3}},"1350":{"start":{"line":1351,"column":0},"end":{"line":1351,"column":61}},"1351":{"start":{"line":1352,"column":0},"end":{"line":1352,"column":74}},"1352":{"start":{"line":1353,"column":0},"end":{"line":1353,"column":3}},"1354":{"start":{"line":1355,"column":0},"end":{"line":1355,"column":51}},"1355":{"start":{"line":1356,"column":0},"end":{"line":1356,"column":64}},"1356":{"start":{"line":1357,"column":0},"end":{"line":1357,"column":3}},"1358":{"start":{"line":1359,"column":0},"end":{"line":1359,"column":74}},"1359":{"start":{"line":1360,"column":0},"end":{"line":1360,"column":63}},"1360":{"start":{"line":1361,"column":0},"end":{"line":1361,"column":21}},"1361":{"start":{"line":1362,"column":0},"end":{"line":1362,"column":33}},"1362":{"start":{"line":1363,"column":0},"end":{"line":1363,"column":7}},"1363":{"start":{"line":1364,"column":0},"end":{"line":1364,"column":3}},"1365":{"start":{"line":1366,"column":0},"end":{"line":1366,"column":86}},"1366":{"start":{"line":1367,"column":0},"end":{"line":1367,"column":69}},"1367":{"start":{"line":1368,"column":0},"end":{"line":1368,"column":22}},"1368":{"start":{"line":1369,"column":0},"end":{"line":1369,"column":33}},"1369":{"start":{"line":1370,"column":0},"end":{"line":1370,"column":7}},"1370":{"start":{"line":1371,"column":0},"end":{"line":1371,"column":3}},"1372":{"start":{"line":1373,"column":0},"end":{"line":1373,"column":54}},"1373":{"start":{"line":1374,"column":0},"end":{"line":1374,"column":75}},"1374":{"start":{"line":1375,"column":0},"end":{"line":1375,"column":23}},"1375":{"start":{"line":1376,"column":0},"end":{"line":1376,"column":7}},"1376":{"start":{"line":1377,"column":0},"end":{"line":1377,"column":3}},"1380":{"start":{"line":1381,"column":0},"end":{"line":1381,"column":54}},"1381":{"start":{"line":1382,"column":0},"end":{"line":1382,"column":66}},"1382":{"start":{"line":1383,"column":0},"end":{"line":1383,"column":3}},"1384":{"start":{"line":1385,"column":0},"end":{"line":1385,"column":74}},"1385":{"start":{"line":1386,"column":0},"end":{"line":1386,"column":65}},"1386":{"start":{"line":1387,"column":0},"end":{"line":1387,"column":21}},"1387":{"start":{"line":1388,"column":0},"end":{"line":1388,"column":33}},"1388":{"start":{"line":1389,"column":0},"end":{"line":1389,"column":7}},"1389":{"start":{"line":1390,"column":0},"end":{"line":1390,"column":3}},"1391":{"start":{"line":1392,"column":0},"end":{"line":1392,"column":61}},"1392":{"start":{"line":1393,"column":0},"end":{"line":1393,"column":68}},"1393":{"start":{"line":1394,"column":0},"end":{"line":1394,"column":23}},"1394":{"start":{"line":1395,"column":0},"end":{"line":1395,"column":7}},"1395":{"start":{"line":1396,"column":0},"end":{"line":1396,"column":3}},"1397":{"start":{"line":1398,"column":0},"end":{"line":1398,"column":49}},"1398":{"start":{"line":1399,"column":0},"end":{"line":1399,"column":56}},"1399":{"start":{"line":1400,"column":0},"end":{"line":1400,"column":23}},"1400":{"start":{"line":1401,"column":0},"end":{"line":1401,"column":7}},"1401":{"start":{"line":1402,"column":0},"end":{"line":1402,"column":3}},"1403":{"start":{"line":1404,"column":0},"end":{"line":1404,"column":64}},"1404":{"start":{"line":1405,"column":0},"end":{"line":1405,"column":77}},"1405":{"start":{"line":1406,"column":0},"end":{"line":1406,"column":3}},"1409":{"start":{"line":1410,"column":0},"end":{"line":1410,"column":68}},"1410":{"start":{"line":1411,"column":0},"end":{"line":1411,"column":82}},"1411":{"start":{"line":1412,"column":0},"end":{"line":1412,"column":3}},"1413":{"start":{"line":1414,"column":0},"end":{"line":1414,"column":91}},"1414":{"start":{"line":1415,"column":0},"end":{"line":1415,"column":94}},"1415":{"start":{"line":1416,"column":0},"end":{"line":1416,"column":21}},"1416":{"start":{"line":1417,"column":0},"end":{"line":1417,"column":36}},"1417":{"start":{"line":1418,"column":0},"end":{"line":1418,"column":7}},"1418":{"start":{"line":1419,"column":0},"end":{"line":1419,"column":3}},"1420":{"start":{"line":1421,"column":0},"end":{"line":1421,"column":87}},"1421":{"start":{"line":1422,"column":0},"end":{"line":1422,"column":91}},"1422":{"start":{"line":1423,"column":0},"end":{"line":1423,"column":21}},"1423":{"start":{"line":1424,"column":0},"end":{"line":1424,"column":36}},"1424":{"start":{"line":1425,"column":0},"end":{"line":1425,"column":7}},"1425":{"start":{"line":1426,"column":0},"end":{"line":1426,"column":3}},"1427":{"start":{"line":1428,"column":0},"end":{"line":1428,"column":59}},"1428":{"start":{"line":1429,"column":0},"end":{"line":1429,"column":82}},"1429":{"start":{"line":1430,"column":0},"end":{"line":1430,"column":3}},"1431":{"start":{"line":1432,"column":0},"end":{"line":1432,"column":86}},"1432":{"start":{"line":1433,"column":0},"end":{"line":1433,"column":81}},"1433":{"start":{"line":1434,"column":0},"end":{"line":1434,"column":21}},"1434":{"start":{"line":1435,"column":0},"end":{"line":1435,"column":33}},"1435":{"start":{"line":1436,"column":0},"end":{"line":1436,"column":7}},"1436":{"start":{"line":1437,"column":0},"end":{"line":1437,"column":3}},"1438":{"start":{"line":1439,"column":0},"end":{"line":1439,"column":98}},"1439":{"start":{"line":1440,"column":0},"end":{"line":1440,"column":87}},"1440":{"start":{"line":1441,"column":0},"end":{"line":1441,"column":22}},"1441":{"start":{"line":1442,"column":0},"end":{"line":1442,"column":33}},"1442":{"start":{"line":1443,"column":0},"end":{"line":1443,"column":7}},"1443":{"start":{"line":1444,"column":0},"end":{"line":1444,"column":3}},"1445":{"start":{"line":1446,"column":0},"end":{"line":1446,"column":58}},"1446":{"start":{"line":1447,"column":0},"end":{"line":1447,"column":75}},"1447":{"start":{"line":1448,"column":0},"end":{"line":1448,"column":23}},"1448":{"start":{"line":1449,"column":0},"end":{"line":1449,"column":7}},"1449":{"start":{"line":1450,"column":0},"end":{"line":1450,"column":3}},"1451":{"start":{"line":1452,"column":0},"end":{"line":1452,"column":83}},"1452":{"start":{"line":1453,"column":0},"end":{"line":1453,"column":104}},"1453":{"start":{"line":1454,"column":0},"end":{"line":1454,"column":21}},"1454":{"start":{"line":1455,"column":0},"end":{"line":1455,"column":7}},"1455":{"start":{"line":1456,"column":0},"end":{"line":1456,"column":3}},"1457":{"start":{"line":1458,"column":0},"end":{"line":1458,"column":53}},"1458":{"start":{"line":1459,"column":0},"end":{"line":1459,"column":76}},"1459":{"start":{"line":1460,"column":0},"end":{"line":1460,"column":3}},"1461":{"start":{"line":1462,"column":0},"end":{"line":1462,"column":77}},"1462":{"start":{"line":1463,"column":0},"end":{"line":1463,"column":75}},"1463":{"start":{"line":1464,"column":0},"end":{"line":1464,"column":21}},"1464":{"start":{"line":1465,"column":0},"end":{"line":1465,"column":33}},"1465":{"start":{"line":1466,"column":0},"end":{"line":1466,"column":7}},"1466":{"start":{"line":1467,"column":0},"end":{"line":1467,"column":3}},"1468":{"start":{"line":1469,"column":0},"end":{"line":1469,"column":89}},"1469":{"start":{"line":1470,"column":0},"end":{"line":1470,"column":81}},"1470":{"start":{"line":1471,"column":0},"end":{"line":1471,"column":22}},"1471":{"start":{"line":1472,"column":0},"end":{"line":1472,"column":33}},"1472":{"start":{"line":1473,"column":0},"end":{"line":1473,"column":7}},"1473":{"start":{"line":1474,"column":0},"end":{"line":1474,"column":3}},"1475":{"start":{"line":1476,"column":0},"end":{"line":1476,"column":55}},"1476":{"start":{"line":1477,"column":0},"end":{"line":1477,"column":72}},"1477":{"start":{"line":1478,"column":0},"end":{"line":1478,"column":23}},"1478":{"start":{"line":1479,"column":0},"end":{"line":1479,"column":7}},"1479":{"start":{"line":1480,"column":0},"end":{"line":1480,"column":3}},"1481":{"start":{"line":1482,"column":0},"end":{"line":1482,"column":80}},"1482":{"start":{"line":1483,"column":0},"end":{"line":1483,"column":101}},"1483":{"start":{"line":1484,"column":0},"end":{"line":1484,"column":21}},"1484":{"start":{"line":1485,"column":0},"end":{"line":1485,"column":7}},"1485":{"start":{"line":1486,"column":0},"end":{"line":1486,"column":3}},"1487":{"start":{"line":1488,"column":0},"end":{"line":1488,"column":61}},"1488":{"start":{"line":1489,"column":0},"end":{"line":1489,"column":84}},"1489":{"start":{"line":1490,"column":0},"end":{"line":1490,"column":3}},"1491":{"start":{"line":1492,"column":0},"end":{"line":1492,"column":89}},"1492":{"start":{"line":1493,"column":0},"end":{"line":1493,"column":83}},"1493":{"start":{"line":1494,"column":0},"end":{"line":1494,"column":21}},"1494":{"start":{"line":1495,"column":0},"end":{"line":1495,"column":33}},"1495":{"start":{"line":1496,"column":0},"end":{"line":1496,"column":7}},"1496":{"start":{"line":1497,"column":0},"end":{"line":1497,"column":3}},"1498":{"start":{"line":1499,"column":0},"end":{"line":1499,"column":101}},"1499":{"start":{"line":1500,"column":0},"end":{"line":1500,"column":89}},"1500":{"start":{"line":1501,"column":0},"end":{"line":1501,"column":22}},"1501":{"start":{"line":1502,"column":0},"end":{"line":1502,"column":33}},"1502":{"start":{"line":1503,"column":0},"end":{"line":1503,"column":7}},"1503":{"start":{"line":1504,"column":0},"end":{"line":1504,"column":3}},"1505":{"start":{"line":1506,"column":0},"end":{"line":1506,"column":59}},"1506":{"start":{"line":1507,"column":0},"end":{"line":1507,"column":76}},"1507":{"start":{"line":1508,"column":0},"end":{"line":1508,"column":23}},"1508":{"start":{"line":1509,"column":0},"end":{"line":1509,"column":7}},"1509":{"start":{"line":1510,"column":0},"end":{"line":1510,"column":3}},"1511":{"start":{"line":1512,"column":0},"end":{"line":1512,"column":84}},"1512":{"start":{"line":1513,"column":0},"end":{"line":1513,"column":105}},"1513":{"start":{"line":1514,"column":0},"end":{"line":1514,"column":21}},"1514":{"start":{"line":1515,"column":0},"end":{"line":1515,"column":7}},"1515":{"start":{"line":1516,"column":0},"end":{"line":1516,"column":3}},"1517":{"start":{"line":1518,"column":0},"end":{"line":1518,"column":65}},"1518":{"start":{"line":1519,"column":0},"end":{"line":1519,"column":89}},"1519":{"start":{"line":1520,"column":0},"end":{"line":1520,"column":3}},"1521":{"start":{"line":1522,"column":0},"end":{"line":1522,"column":95}},"1522":{"start":{"line":1523,"column":0},"end":{"line":1523,"column":88}},"1523":{"start":{"line":1524,"column":0},"end":{"line":1524,"column":21}},"1524":{"start":{"line":1525,"column":0},"end":{"line":1525,"column":33}},"1525":{"start":{"line":1526,"column":0},"end":{"line":1526,"column":7}},"1526":{"start":{"line":1527,"column":0},"end":{"line":1527,"column":3}},"1528":{"start":{"line":1529,"column":0},"end":{"line":1529,"column":107}},"1529":{"start":{"line":1530,"column":0},"end":{"line":1530,"column":94}},"1530":{"start":{"line":1531,"column":0},"end":{"line":1531,"column":22}},"1531":{"start":{"line":1532,"column":0},"end":{"line":1532,"column":33}},"1532":{"start":{"line":1533,"column":0},"end":{"line":1533,"column":7}},"1533":{"start":{"line":1534,"column":0},"end":{"line":1534,"column":3}},"1535":{"start":{"line":1536,"column":0},"end":{"line":1536,"column":61}},"1536":{"start":{"line":1537,"column":0},"end":{"line":1537,"column":79}},"1537":{"start":{"line":1538,"column":0},"end":{"line":1538,"column":23}},"1538":{"start":{"line":1539,"column":0},"end":{"line":1539,"column":7}},"1539":{"start":{"line":1540,"column":0},"end":{"line":1540,"column":3}},"1541":{"start":{"line":1542,"column":0},"end":{"line":1542,"column":86}},"1542":{"start":{"line":1543,"column":0},"end":{"line":1543,"column":108}},"1543":{"start":{"line":1544,"column":0},"end":{"line":1544,"column":21}},"1544":{"start":{"line":1545,"column":0},"end":{"line":1545,"column":7}},"1545":{"start":{"line":1546,"column":0},"end":{"line":1546,"column":3}},"1547":{"start":{"line":1548,"column":0},"end":{"line":1548,"column":61}},"1548":{"start":{"line":1549,"column":0},"end":{"line":1549,"column":83}},"1549":{"start":{"line":1550,"column":0},"end":{"line":1550,"column":3}},"1551":{"start":{"line":1552,"column":0},"end":{"line":1552,"column":89}},"1552":{"start":{"line":1553,"column":0},"end":{"line":1553,"column":82}},"1553":{"start":{"line":1554,"column":0},"end":{"line":1554,"column":21}},"1554":{"start":{"line":1555,"column":0},"end":{"line":1555,"column":33}},"1555":{"start":{"line":1556,"column":0},"end":{"line":1556,"column":7}},"1556":{"start":{"line":1557,"column":0},"end":{"line":1557,"column":3}},"1558":{"start":{"line":1559,"column":0},"end":{"line":1559,"column":101}},"1559":{"start":{"line":1560,"column":0},"end":{"line":1560,"column":88}},"1560":{"start":{"line":1561,"column":0},"end":{"line":1561,"column":22}},"1561":{"start":{"line":1562,"column":0},"end":{"line":1562,"column":33}},"1562":{"start":{"line":1563,"column":0},"end":{"line":1563,"column":7}},"1563":{"start":{"line":1564,"column":0},"end":{"line":1564,"column":3}},"1565":{"start":{"line":1566,"column":0},"end":{"line":1566,"column":59}},"1566":{"start":{"line":1567,"column":0},"end":{"line":1567,"column":75}},"1567":{"start":{"line":1568,"column":0},"end":{"line":1568,"column":23}},"1568":{"start":{"line":1569,"column":0},"end":{"line":1569,"column":7}},"1569":{"start":{"line":1570,"column":0},"end":{"line":1570,"column":3}},"1571":{"start":{"line":1572,"column":0},"end":{"line":1572,"column":87}},"1572":{"start":{"line":1573,"column":0},"end":{"line":1573,"column":91}},"1573":{"start":{"line":1574,"column":0},"end":{"line":1574,"column":3}},"1577":{"start":{"line":1578,"column":0},"end":{"line":1578,"column":74}},"1578":{"start":{"line":1579,"column":0},"end":{"line":1579,"column":86}},"1579":{"start":{"line":1580,"column":0},"end":{"line":1580,"column":21}},"1580":{"start":{"line":1581,"column":0},"end":{"line":1581,"column":42}},"1581":{"start":{"line":1582,"column":0},"end":{"line":1582,"column":7}},"1582":{"start":{"line":1583,"column":0},"end":{"line":1583,"column":3}},"1584":{"start":{"line":1585,"column":0},"end":{"line":1585,"column":68}},"1589":{"start":{"line":1590,"column":0},"end":{"line":1590,"column":6}},"1590":{"start":{"line":1591,"column":0},"end":{"line":1591,"column":64}},"1591":{"start":{"line":1592,"column":0},"end":{"line":1592,"column":21}},"1592":{"start":{"line":1593,"column":0},"end":{"line":1593,"column":40}},"1593":{"start":{"line":1594,"column":0},"end":{"line":1594,"column":7}},"1594":{"start":{"line":1595,"column":0},"end":{"line":1595,"column":3}},"1595":{"start":{"line":1596,"column":0},"end":{"line":1596,"column":1}}},"s":{"360":1,"361":1,"362":5,"364":1,"365":5,"366":5,"367":5,"368":5,"369":5,"370":1,"372":1,"373":1,"374":39,"375":39,"377":1,"378":39,"379":39,"380":39,"381":39,"386":1,"387":2,"388":2,"390":1,"391":2,"392":2,"394":1,"395":35,"396":35,"397":31,"398":31,"399":35,"400":31,"401":31,"402":35,"403":35,"405":1,"406":35,"407":35,"408":35,"409":35,"410":35,"411":35,"412":35,"413":35,"415":35,"416":35,"417":35,"418":35,"420":35,"421":3,"422":3,"423":3,"424":3,"425":3,"427":35,"428":2,"429":2,"431":30,"432":35,"435":1,"436":12,"437":12,"439":1,"440":0,"441":0,"449":1,"450":2,"451":2,"452":2,"453":2,"454":2,"455":2,"456":2,"461":1,"462":0,"463":0,"464":0,"465":0,"466":0,"467":0,"468":0,"473":1,"474":0,"475":0,"480":1,"481":1,"482":1,"483":1,"484":1,"485":1,"490":1,"491":0,"492":0,"493":0,"494":0,"495":0,"500":1,"501":0,"502":0,"503":0,"504":0,"511":1,"512":1,"513":1,"518":1,"519":0,"520":0,"525":1,"526":0,"527":0,"528":0,"529":0,"530":0,"531":0,"535":1,"536":3,"538":3,"539":3,"540":5,"541":3,"542":3,"543":5,"545":3,"546":3,"547":3,"552":1,"553":2,"554":2,"555":2,"556":2,"557":2,"558":2,"559":2,"564":1,"565":0,"566":0,"567":0,"568":0,"575":1,"576":1,"577":1,"582":1,"583":1,"584":1,"589":1,"590":1,"591":1,"596":1,"597":1,"598":1,"603":1,"604":0,"605":0,"610":1,"614":0,"615":0,"616":0,"617":0,"618":0,"619":0,"620":0,"621":0,"622":0,"626":1,"627":1,"628":1,"629":1,"630":1,"631":1,"633":1,"634":0,"635":0,"636":0,"637":0,"638":0,"640":1,"641":0,"642":0,"643":0,"644":0,"648":1,"649":1,"650":1,"651":1,"652":1,"653":1,"655":1,"656":0,"657":0,"658":0,"659":0,"660":0,"662":1,"663":1,"664":1,"665":1,"666":1,"670":1,"671":1,"672":1,"673":1,"674":1,"675":1,"677":1,"678":0,"679":0,"680":0,"681":0,"682":0,"684":1,"685":1,"686":1,"687":1,"688":1,"692":1,"693":1,"694":1,"695":1,"696":1,"700":1,"701":1,"702":1,"704":1,"705":1,"706":1,"707":1,"708":1,"709":1,"711":1,"712":0,"713":0,"715":1,"716":0,"717":0,"718":0,"719":0,"721":1,"722":0,"723":0,"724":0,"725":0,"726":0,"727":0,"728":0,"729":0,"730":0,"731":0,"732":0,"736":1,"737":0,"738":0,"740":1,"741":0,"742":0,"743":0,"744":0,"746":1,"747":0,"748":0,"750":1,"751":0,"752":0,"754":1,"755":0,"756":0,"757":0,"758":0,"762":1,"763":1,"764":1,"766":1,"767":0,"768":0,"769":0,"770":0,"771":0,"773":1,"774":1,"775":1,"776":1,"777":1,"781":1,"782":0,"783":0,"785":1,"786":0,"787":0,"788":0,"789":0,"790":0,"794":1,"795":0,"796":0,"798":1,"799":0,"800":0,"802":1,"803":0,"804":0,"808":1,"809":0,"810":0,"811":0,"812":0,"813":0,"814":0,"815":0,"816":0,"818":1,"819":0,"820":0,"822":1,"823":0,"824":0,"826":1,"827":0,"828":0,"829":0,"830":0,"832":0,"833":0,"834":0,"835":0,"836":0,"838":0,"839":0,"840":0,"842":0,"843":0,"844":0,"846":0,"847":0,"849":1,"850":0,"851":0,"853":1,"854":0,"855":0,"856":0,"857":0,"858":0,"859":0,"860":0,"861":0,"862":0,"863":0,"864":0,"866":1,"869":0,"870":0,"871":0,"872":0,"873":0,"874":0,"875":0,"876":0,"878":1,"879":0,"880":0,"882":1,"883":0,"884":0,"886":1,"887":0,"888":0,"889":0,"890":0,"891":0,"893":1,"894":0,"895":0,"896":0,"897":0,"899":1,"900":0,"901":0,"902":0,"903":0,"904":0,"906":1,"910":0,"911":0,"912":0,"913":0,"914":0,"915":0,"916":0,"917":0,"918":0,"920":1,"921":0,"922":0,"923":0,"924":0,"925":0,"926":0,"927":0,"928":0,"929":0,"930":0,"931":0,"933":1,"934":0,"935":0,"936":0,"937":0,"938":0,"939":0,"940":0,"941":0,"942":0,"943":0,"945":1,"946":0,"947":0,"948":0,"949":0,"950":0,"951":0,"952":0,"953":0,"954":0,"955":0,"956":0,"958":1,"959":0,"960":0,"962":1,"963":0,"964":0,"968":1,"969":0,"970":0,"972":1,"973":0,"974":0,"975":0,"976":0,"977":0,"979":1,"980":0,"981":0,"982":0,"983":0,"987":1,"988":0,"989":0,"991":1,"992":0,"993":0,"995":1,"996":0,"997":0,"998":0,"999":0,"1003":1,"1004":0,"1005":0,"1007":1,"1008":0,"1009":0,"1011":1,"1012":0,"1013":0,"1015":1,"1016":0,"1017":0,"1019":1,"1020":0,"1021":0,"1023":1,"1024":0,"1025":0,"1027":1,"1028":0,"1029":0,"1031":1,"1032":0,"1033":0,"1035":1,"1036":0,"1037":0,"1039":1,"1040":0,"1041":0,"1043":1,"1044":0,"1045":0,"1049":1,"1050":0,"1051":0,"1052":0,"1053":0,"1054":0,"1056":1,"1057":0,"1058":0,"1059":0,"1060":0,"1061":0,"1063":1,"1064":0,"1065":0,"1067":1,"1068":0,"1069":0,"1070":0,"1071":0,"1072":0,"1073":0,"1074":0,"1075":0,"1076":0,"1077":0,"1078":0,"1080":1,"1081":0,"1082":0,"1083":0,"1084":0,"1086":1,"1087":0,"1088":0,"1090":1,"1091":0,"1092":0,"1093":0,"1094":0,"1095":0,"1096":0,"1097":0,"1098":0,"1102":1,"1108":0,"1109":0,"1110":0,"1111":0,"1112":0,"1116":1,"1117":0,"1118":0,"1119":0,"1120":0,"1121":0,"1123":1,"1124":0,"1125":0,"1126":0,"1127":0,"1129":1,"1130":0,"1131":0,"1132":0,"1133":0,"1134":0,"1135":0,"1136":0,"1137":0,"1139":1,"1140":0,"1141":0,"1142":0,"1143":0,"1144":0,"1146":1,"1147":0,"1148":0,"1152":1,"1153":0,"1154":0,"1155":0,"1156":0,"1157":0,"1159":1,"1160":0,"1161":0,"1162":0,"1163":0,"1165":1,"1166":0,"1167":0,"1169":1,"1170":0,"1171":0,"1172":0,"1173":0,"1174":0,"1176":1,"1177":0,"1178":0,"1179":0,"1180":0,"1181":0,"1183":1,"1184":0,"1185":0,"1186":0,"1187":0,"1189":1,"1190":0,"1191":0,"1192":0,"1193":0,"1194":0,"1196":1,"1197":0,"1198":0,"1199":0,"1200":0,"1201":0,"1203":1,"1204":0,"1205":0,"1206":0,"1207":0,"1209":1,"1210":0,"1211":0,"1212":0,"1213":0,"1214":0,"1215":0,"1216":0,"1217":0,"1218":0,"1219":0,"1220":0,"1222":1,"1223":0,"1224":0,"1225":0,"1226":0,"1228":1,"1229":0,"1230":0,"1231":0,"1232":0,"1233":0,"1235":1,"1236":0,"1237":0,"1238":0,"1239":0,"1240":0,"1242":1,"1243":0,"1244":0,"1245":0,"1246":0,"1248":1,"1249":0,"1250":0,"1251":0,"1252":0,"1253":0,"1257":1,"1258":0,"1259":0,"1260":0,"1261":0,"1262":0,"1264":0,"1265":0,"1266":0,"1267":0,"1268":0,"1270":0,"1271":0,"1272":0,"1273":0,"1274":0,"1276":0,"1277":0,"1278":0,"1279":0,"1280":0,"1282":0,"1283":0,"1285":1,"1286":0,"1287":0,"1288":0,"1289":0,"1291":1,"1292":0,"1293":0,"1295":1,"1296":0,"1297":0,"1298":0,"1299":0,"1301":1,"1302":0,"1303":0,"1304":0,"1305":0,"1306":0,"1310":1,"1311":0,"1312":0,"1313":0,"1314":0,"1316":1,"1317":0,"1318":0,"1320":1,"1321":0,"1322":0,"1323":0,"1324":0,"1325":0,"1326":0,"1327":0,"1328":0,"1330":1,"1331":0,"1332":0,"1333":0,"1334":0,"1335":0,"1336":0,"1340":1,"1341":0,"1342":0,"1346":1,"1347":0,"1348":0,"1350":1,"1351":0,"1352":0,"1354":1,"1355":0,"1356":0,"1358":1,"1359":0,"1360":0,"1361":0,"1362":0,"1363":0,"1365":1,"1366":0,"1367":0,"1368":0,"1369":0,"1370":0,"1372":1,"1373":0,"1374":0,"1375":0,"1376":0,"1380":1,"1381":0,"1382":0,"1384":1,"1385":0,"1386":0,"1387":0,"1388":0,"1389":0,"1391":1,"1392":0,"1393":0,"1394":0,"1395":0,"1397":1,"1398":0,"1399":0,"1400":0,"1401":0,"1403":1,"1404":0,"1405":0,"1409":1,"1410":1,"1411":1,"1413":1,"1414":0,"1415":0,"1416":0,"1417":0,"1418":0,"1420":1,"1421":0,"1422":0,"1423":0,"1424":0,"1425":0,"1427":1,"1428":0,"1429":0,"1431":1,"1432":1,"1433":1,"1434":1,"1435":1,"1436":1,"1438":1,"1439":0,"1440":0,"1441":0,"1442":0,"1443":0,"1445":1,"1446":0,"1447":0,"1448":0,"1449":0,"1451":1,"1452":1,"1453":1,"1454":1,"1455":1,"1457":1,"1458":0,"1459":0,"1461":1,"1462":0,"1463":0,"1464":0,"1465":0,"1466":0,"1468":1,"1469":0,"1470":0,"1471":0,"1472":0,"1473":0,"1475":1,"1476":0,"1477":0,"1478":0,"1479":0,"1481":1,"1482":0,"1483":0,"1484":0,"1485":0,"1487":1,"1488":0,"1489":0,"1491":1,"1492":0,"1493":0,"1494":0,"1495":0,"1496":0,"1498":1,"1499":0,"1500":0,"1501":0,"1502":0,"1503":0,"1505":1,"1506":0,"1507":0,"1508":0,"1509":0,"1511":1,"1512":0,"1513":0,"1514":0,"1515":0,"1517":1,"1518":0,"1519":0,"1521":1,"1522":0,"1523":0,"1524":0,"1525":0,"1526":0,"1528":1,"1529":0,"1530":0,"1531":0,"1532":0,"1533":0,"1535":1,"1536":0,"1537":0,"1538":0,"1539":0,"1541":1,"1542":0,"1543":0,"1544":0,"1545":0,"1547":1,"1548":0,"1549":0,"1551":1,"1552":0,"1553":0,"1554":0,"1555":0,"1556":0,"1558":1,"1559":0,"1560":0,"1561":0,"1562":0,"1563":0,"1565":1,"1566":0,"1567":0,"1568":0,"1569":0,"1571":1,"1572":0,"1573":0,"1577":1,"1578":0,"1579":0,"1580":0,"1581":0,"1582":0,"1584":1,"1589":0,"1590":0,"1591":0,"1592":0,"1593":0,"1594":0,"1595":1},"branchMap":{"0":{"type":"branch","line":362,"loc":{"start":{"line":362,"column":2},"end":{"line":363,"column":18}},"locations":[{"start":{"line":362,"column":2},"end":{"line":363,"column":18}}]},"1":{"type":"branch","line":365,"loc":{"start":{"line":365,"column":2},"end":{"line":370,"column":3}},"locations":[{"start":{"line":365,"column":2},"end":{"line":370,"column":3}}]},"2":{"type":"branch","line":374,"loc":{"start":{"line":374,"column":10},"end":{"line":376,"column":35}},"locations":[{"start":{"line":374,"column":10},"end":{"line":376,"column":35}}]},"3":{"type":"branch","line":378,"loc":{"start":{"line":378,"column":2},"end":{"line":382,"column":3}},"locations":[{"start":{"line":378,"column":2},"end":{"line":382,"column":3}}]},"4":{"type":"branch","line":380,"loc":{"start":{"line":380,"column":31},"end":{"line":380,"column":51}},"locations":[{"start":{"line":380,"column":31},"end":{"line":380,"column":51}}]},"5":{"type":"branch","line":381,"loc":{"start":{"line":381,"column":29},"end":{"line":381,"column":47}},"locations":[{"start":{"line":381,"column":29},"end":{"line":381,"column":47}}]},"6":{"type":"branch","line":387,"loc":{"start":{"line":387,"column":2},"end":{"line":389,"column":3}},"locations":[{"start":{"line":387,"column":2},"end":{"line":389,"column":3}}]},"7":{"type":"branch","line":388,"loc":{"start":{"line":388,"column":23},"end":{"line":388,"column":38}},"locations":[{"start":{"line":388,"column":23},"end":{"line":388,"column":38}}]},"8":{"type":"branch","line":391,"loc":{"start":{"line":391,"column":2},"end":{"line":393,"column":3}},"locations":[{"start":{"line":391,"column":2},"end":{"line":393,"column":3}}]},"9":{"type":"branch","line":395,"loc":{"start":{"line":395,"column":10},"end":{"line":404,"column":3}},"locations":[{"start":{"line":395,"column":10},"end":{"line":404,"column":3}}]},"10":{"type":"branch","line":397,"loc":{"start":{"line":397,"column":26},"end":{"line":399,"column":5}},"locations":[{"start":{"line":397,"column":26},"end":{"line":399,"column":5}}]},"11":{"type":"branch","line":400,"loc":{"start":{"line":400,"column":24},"end":{"line":402,"column":5}},"locations":[{"start":{"line":400,"column":24},"end":{"line":402,"column":5}}]},"12":{"type":"branch","line":406,"loc":{"start":{"line":406,"column":2},"end":{"line":433,"column":3}},"locations":[{"start":{"line":406,"column":2},"end":{"line":433,"column":3}}]},"13":{"type":"branch","line":421,"loc":{"start":{"line":421,"column":22},"end":{"line":426,"column":5}},"locations":[{"start":{"line":421,"column":22},"end":{"line":426,"column":5}}]},"14":{"type":"branch","line":423,"loc":{"start":{"line":423,"column":50},"end":{"line":423,"column":80}},"locations":[{"start":{"line":423,"column":50},"end":{"line":423,"column":80}}]},"15":{"type":"branch","line":423,"loc":{"start":{"line":423,"column":71},"end":{"line":423,"column":90}},"locations":[{"start":{"line":423,"column":71},"end":{"line":423,"column":90}}]},"16":{"type":"branch","line":424,"loc":{"start":{"line":424,"column":22},"end":{"line":424,"column":92}},"locations":[{"start":{"line":424,"column":22},"end":{"line":424,"column":92}}]},"17":{"type":"branch","line":426,"loc":{"start":{"line":426,"column":4},"end":{"line":428,"column":33}},"locations":[{"start":{"line":426,"column":4},"end":{"line":428,"column":33}}]},"18":{"type":"branch","line":428,"loc":{"start":{"line":428,"column":33},"end":{"line":430,"column":5}},"locations":[{"start":{"line":428,"column":33},"end":{"line":430,"column":5}}]},"19":{"type":"branch","line":430,"loc":{"start":{"line":430,"column":4},"end":{"line":432,"column":27}},"locations":[{"start":{"line":430,"column":4},"end":{"line":432,"column":27}}]},"20":{"type":"branch","line":422,"loc":{"start":{"line":422,"column":52},"end":{"line":422,"column":62}},"locations":[{"start":{"line":422,"column":52},"end":{"line":422,"column":62}}]},"21":{"type":"branch","line":436,"loc":{"start":{"line":436,"column":2},"end":{"line":438,"column":3}},"locations":[{"start":{"line":436,"column":2},"end":{"line":438,"column":3}}]},"22":{"type":"branch","line":450,"loc":{"start":{"line":450,"column":2},"end":{"line":457,"column":3}},"locations":[{"start":{"line":450,"column":2},"end":{"line":457,"column":3}}]},"23":{"type":"branch","line":455,"loc":{"start":{"line":455,"column":27},"end":{"line":455,"column":40}},"locations":[{"start":{"line":455,"column":27},"end":{"line":455,"column":40}}]},"24":{"type":"branch","line":481,"loc":{"start":{"line":481,"column":2},"end":{"line":486,"column":3}},"locations":[{"start":{"line":481,"column":2},"end":{"line":486,"column":3}}]},"25":{"type":"branch","line":512,"loc":{"start":{"line":512,"column":2},"end":{"line":514,"column":3}},"locations":[{"start":{"line":512,"column":2},"end":{"line":514,"column":3}}]},"26":{"type":"branch","line":536,"loc":{"start":{"line":536,"column":10},"end":{"line":548,"column":3}},"locations":[{"start":{"line":536,"column":10},"end":{"line":548,"column":3}}]},"27":{"type":"branch","line":537,"loc":{"start":{"line":537,"column":17},"end":{"line":537,"column":29}},"locations":[{"start":{"line":537,"column":17},"end":{"line":537,"column":29}}]},"28":{"type":"branch","li
[...]
olumn":2},"end":{"line":1010,"column":3}},"loc":{"start":{"line":1008,"column":2},"end":{"line":1010,"column":3}},"line":1008},"82":{"name":"getLiquidAssets","decl":{"start":{"line":1012,"column":2},"end":{"line":1014,"column":3}},"loc":{"start":{"line":1012,"column":2},"end":{"line":1014,"column":3}},"line":1012},"83":{"name":"getInvestments","decl":{"start":{"line":1016,"column":2},"end":{"line":1018,"column":3}},"loc":{"start":{"line":1016,"column":2},"end":{"line":1018,"column":3}},"line":1016},"84":{"name":"getRealAssets","decl":{"start":{"line":1020,"column":2},"end":{"line":1022,"column":3}},"loc":{"start":{"line":1020,"column":2},"end":{"line":1022,"column":3}},"line":1020},"85":{"name":"getLiabilities","decl":{"start":{"line":1024,"column":2},"end":{"line":1026,"column":3}},"loc":{"start":{"line":1024,"column":2},"end":{"line":1026,"column":3}},"line":1024},"86":{"name":"getIncome","decl":{"start":{"line":1028,"column":2},"end":{"line":1030,"column":3}},"loc":{"start":{"line":1028,"column":2},"end":{"line":1030,"column":3}},"line":1028},"87":{"name":"getCredit","decl":{"start":{"line":1032,"column":2},"end":{"line":1034,"column":3}},"loc":{"start":{"line":1032,"column":2},"end":{"line":1034,"column":3}},"line":1032},"88":{"name":"getProtection","decl":{"start":{"line":1036,"column":2},"end":{"line":1038,"column":3}},"loc":{"start":{"line":1036,"column":2},"end":{"line":1038,"column":3}},"line":1036},"89":{"name":"getToolPresets","decl":{"start":{"line":1040,"column":2},"end":{"line":1042,"column":3}},"loc":{"start":{"line":1040,"column":2},"end":{"line":1042,"column":3}},"line":1040},"90":{"name":"getTransparencyPayload","decl":{"start":{"line":1044,"column":2},"end":{"line":1046,"column":3}},"loc":{"start":{"line":1044,"column":2},"end":{"line":1046,"column":3}},"line":1044},"91":{"name":"createPlaidLinkToken","decl":{"start":{"line":1050,"column":2},"end":{"line":1055,"column":3}},"loc":{"start":{"line":1050,"column":2},"end":{"line":1055,"column":3}},"line":1050},"92":{"name":"handlePlaidCallback","decl":{"start":{"line":1057,"column":2},"end":{"line":1062,"column":3}},"loc":{"start":{"line":1057,"column":2},"end":{"line":1062,"column":3}},"line":1057},"93":{"name":"getBankAccounts","decl":{"start":{"line":1064,"column":2},"end":{"line":1066,"column":3}},"loc":{"start":{"line":1064,"column":2},"end":{"line":1066,"column":3}},"line":1064},"94":{"name":"getBankTransactions","decl":{"start":{"line":1068,"column":2},"end":{"line":1079,"column":3}},"loc":{"start":{"line":1068,"column":2},"end":{"line":1079,"column":3}},"line":1068},"95":{"name":"getSpendingSummary","decl":{"start":{"line":1081,"column":2},"end":{"line":1085,"column":3}},"loc":{"start":{"line":1081,"column":2},"end":{"line":1085,"column":3}},"line":1081},"96":{"name":"getSubscriptions","decl":{"start":{"line":1087,"column":2},"end":{"line":1089,"column":3}},"loc":{"start":{"line":1087,"column":2},"end":{"line":1089,"column":3}},"line":1087},"97":{"name":"updateBankTransactionReimbursement","decl":{"start":{"line":1091,"column":2},"end":{"line":1099,"column":3}},"loc":{"start":{"line":1091,"column":2},"end":{"line":1099,"column":3}},"line":1091},"98":{"name":"runRetirementMonteCarlo","decl":{"start":{"line":1103,"column":2},"end":{"line":1113,"column":3}},"loc":{"start":{"line":1103,"column":2},"end":{"line":1113,"column":3}},"line":1103},"99":{"name":"createShareReport","decl":{"start":{"line":1117,"column":2},"end":{"line":1122,"column":3}},"loc":{"start":{"line":1117,"column":2},"end":{"line":1122,"column":3}},"line":1117},"100":{"name":"getShareReport","decl":{"start":{"line":1124,"column":2},"end":{"line":1128,"column":3}},"loc":{"start":{"line":1124,"column":2},"end":{"line":1128,"column":3}},"line":1124},"101":{"name":"listShareReports","decl":{"start":{"line":1130,"column":2},"end":{"line":1138,"column":3}},"loc":{"start":{"line":1130,"column":2},"end":{"line":1138,"column":3}},"line":1130},"102":{"name":"rotateShareReport","decl":{"start":{"line":1140,"column":2},"end":{"line":1145,"column":3}},"loc":{"start":{"line":1140,"column":2},"end":{"line":1145,"column":3}},"line":1140},"103":{"name":"revokeShareReport","decl":{"start":{"line":1147,"column":2},"end":{"line":1149,"column":3}},"loc":{"start":{"line":1147,"column":2},"end":{"line":1149,"column":3}},"line":1147},"104":{"name":"createTaxPlan","decl":{"start":{"line":1153,"column":2},"end":{"line":1158,"column":3}},"loc":{"start":{"line":1153,"column":2},"end":{"line":1158,"column":3}},"line":1153},"105":{"name":"listTaxPlans","decl":{"start":{"line":1160,"column":2},"end":{"line":1164,"column":3}},"loc":{"start":{"line":1160,"column":2},"end":{"line":1164,"column":3}},"line":1160},"106":{"name":"getTaxPlan","decl":{"start":{"line":1166,"column":2},"end":{"line":1168,"column":3}},"loc":{"start":{"line":1166,"column":2},"end":{"line":1168,"column":3}},"line":1166},"107":{"name":"updateTaxPlan","decl":{"start":{"line":1170,"column":2},"end":{"line":1175,"column":3}},"loc":{"start":{"line":1170,"column":2},"end":{"line":1175,"column":3}},"line":1170},"108":{"name":"createTaxPlanVersion","decl":{"start":{"line":1177,"column":2},"end":{"line":1182,"column":3}},"loc":{"start":{"line":1177,"column":2},"end":{"line":1182,"column":3}},"line":1177},"109":{"name":"listTaxPlanVersions","decl":{"start":{"line":1184,"column":2},"end":{"line":1188,"column":3}},"loc":{"start":{"line":1184,"column":2},"end":{"line":1188,"column":3}},"line":1184},"110":{"name":"approveTaxPlanVersion","decl":{"start":{"line":1190,"column":2},"end":{"line":1195,"column":3}},"loc":{"start":{"line":1190,"column":2},"end":{"line":1195,"column":3}},"line":1190},"111":{"name":"createTaxPlanComment","decl":{"start":{"line":1197,"column":2},"end":{"line":1202,"column":3}},"loc":{"start":{"line":1197,"column":2},"end":{"line":1202,"column":3}},"line":1197},"112":{"name":"listTaxPlanComments","decl":{"start":{"line":1204,"column":2},"end":{"line":1208,"column":3}},"loc":{"start":{"line":1204,"column":2},"end":{"line":1208,"column":3}},"line":1204},"113":{"name":"addTaxPlanCollaborator","decl":{"start":{"line":1210,"column":2},"end":{"line":1221,"column":3}},"loc":{"start":{"line":1210,"column":2},"end":{"line":1221,"column":3}},"line":1210},"114":{"name":"listTaxPlanCollaborators","decl":{"start":{"line":1223,"column":2},"end":{"line":1227,"column":3}},"loc":{"start":{"line":1223,"column":2},"end":{"line":1227,"column":3}},"line":1223},"115":{"name":"revokeTaxPlanCollaborator","decl":{"start":{"line":1229,"column":2},"end":{"line":1234,"column":3}},"loc":{"start":{"line":1229,"column":2},"end":{"line":1234,"column":3}},"line":1229},"116":{"name":"createTaxPlanEvent","decl":{"start":{"line":1236,"column":2},"end":{"line":1241,"column":3}},"loc":{"start":{"line":1236,"column":2},"end":{"line":1241,"column":3}},"line":1236},"117":{"name":"listTaxPlanEvents","decl":{"start":{"line":1243,"column":2},"end":{"line":1247,"column":3}},"loc":{"start":{"line":1243,"column":2},"end":{"line":1247,"column":3}},"line":1243},"118":{"name":"generateTaxOptimizationReport","decl":{"start":{"line":1249,"column":2},"end":{"line":1254,"column":3}},"loc":{"start":{"line":1249,"column":2},"end":{"line":1254,"column":3}},"line":1249},"119":{"name":"uploadTaxDocument","decl":{"start":{"line":1258,"column":2},"end":{"line":1284,"column":3}},"loc":{"start":{"line":1258,"column":2},"end":{"line":1284,"column":3}},"line":1258},"120":{"name":"listTaxDocuments","decl":{"start":{"line":1286,"column":2},"end":{"line":1290,"column":3}},"loc":{"start":{"line":1286,"column":2},"end":{"line":1290,"column":3}},"line":1286},"121":{"name":"getTaxDocument","decl":{"start":{"line":1292,"column":2},"end":{"line":1294,"column":3}},"loc":{"start":{"line":1292,"column":2},"end":{"line":1294,"column":3}},"line":1292},"122":{"name":"deleteTaxDocument","decl":{"start":{"line":1296,"column":2},"end":{"line":1300,"column":3}},"loc":{"start":{"line":1296,"column":2},"end":{"line":1300,"column":3}},"line":1296},"123":{"name":"prefillTaxPlan","decl":{"start":{"line":1302,"column":2},"end":{"line":1307,"column":3}},"loc":{"start":{"line":1302,"column":2},"end":{"line":1307,"column":3}},"line":1302},"124":{"name":"getActionIntents","decl":{"start":{"line":1311,"column":2},"end":{"line":1315,"column":3}},"loc":{"start":{"line":1311,"column":2},"end":{"line":1315,"column":3}},"line":1311},"125":{"name":"getActionIntent","decl":{"start":{"line":1317,"column":2},"end":{"line":1319,"column":3}},"loc":{"start":{"line":1317,"column":2},"end":{"line":1319,"column":3}},"line":1317},"126":{"name":"updateActionIntent","decl":{"start":{"line":1321,"column":2},"end":{"line":1329,"column":3}},"loc":{"start":{"line":1321,"column":2},"end":{"line":1329,"column":3}},"line":1321},"127":{"name":"getIntentManifest","decl":{"start":{"line":1331,"column":2},"end":{"line":1337,"column":3}},"loc":{"start":{"line":1331,"column":2},"end":{"line":1337,"column":3}},"line":1331},"128":{"name":"exportFinancialPassport","decl":{"start":{"line":1341,"column":2},"end":{"line":1343,"column":3}},"loc":{"start":{"line":1341,"column":2},"end":{"line":1343,"column":3}},"line":1341},"129":{"name":"getEquityPortfolio","decl":{"start":{"line":1347,"column":2},"end":{"line":1349,"column":3}},"loc":{"start":{"line":1347,"column":2},"end":{"line":1349,"column":3}},"line":1347},"130":{"name":"getEquityProjections","decl":{"start":{"line":1351,"column":2},"end":{"line":1353,"column":3}},"loc":{"start":{"line":1351,"column":2},"end":{"line":1353,"column":3}},"line":1351},"131":{"name":"getEquityGrants","decl":{"start":{"line":1355,"column":2},"end":{"line":1357,"column":3}},"loc":{"start":{"line":1355,"column":2},"end":{"line":1357,"column":3}},"line":1355},"132":{"name":"createEquityGrant","decl":{"start":{"line":1359,"column":2},"end":{"line":1364,"column":3}},"loc":{"start":{"line":1359,"column":2},"end":{"line":1364,"column":3}},"line":1359},"133":{"name":"updateEquityGrant","decl":{"start":{"line":1366,"column":2},"end":{"line":1371,"column":3}},"loc":{"start":{"line":1366,"column":2},"end":{"line":1371,"column":3}},"line":1366},"134":{"name":"deleteEquityGrant","decl":{"start":{"line":1373,"column":2},"end":{"line":1377,"column":3}},"loc":{"start":{"line":1373,"column":2},"end":{"line":1377,"column":3}},"line":1373},"135":{"name":"listCryptoWallets","decl":{"start":{"line":1381,"column":2},"end":{"line":1383,"column":3}},"loc":{"start":{"line":1381,"column":2},"end":{"line":1383,"column":3}},"line":1381},"136":{"name":"addCryptoWallet","decl":{"start":{"line":1385,"column":2},"end":{"line":1390,"column":3}},"loc":{"start":{"line":1385,"column":2},"end":{"line":1390,"column":3}},"line":1385},"137":{"name":"deleteCryptoWallet","decl":{"start":{"line":1392,"column":2},"end":{"line":1396,"column":3}},"loc":{"start":{"line":1392,"column":2},"end":{"line":1396,"column":3}},"line":1392},"138":{"name":"deleteAllCryptoWallets","decl":{"start":{"line":1398,"column":2},"end":{"line":1402,"column":3}},"loc":{"start":{"line":1398,"column":2},"end":{"line":1402,"column":3}},"line":1398},"139":{"name":"getCryptoPortfolio","decl":{"start":{"line":1404,"column":2},"end":{"line":1406,"column":3}},"loc":{"start":{"line":1404,"column":2},"end":{"line":1406,"column":3}},"line":1404},"140":{"name":"getPhysicalAssetsSummary","decl":{"start":{"line":1410,"column":2},"end":{"line":1412,"column":3}},"loc":{"start":{"line":1410,"column":2},"end":{"line":1412,"column":3}},"line":1410},"141":{"name":"searchProperties","decl":{"start":{"line":1414,"column":2},"end":{"line":1419,"column":3}},"loc":{"start":{"line":1414,"column":2},"end":{"line":1419,"column":3}},"line":1414},"142":{"name":"searchVehicles","decl":{"start":{"line":1421,"column":2},"end":{"line":1426,"column":3}},"loc":{"start":{"line":1421,"column":2},"end":{"line":1426,"column":3}},"line":1421},"143":{"name":"getRealEstateAssets","decl":{"start":{"line":1428,"column":2},"end":{"line":1430,"column":3}},"loc":{"start":{"line":1428,"column":2},"end":{"line":1430,"column":3}},"line":1428},"144":{"name":"createRealEstateAsset","decl":{"start":{"line":1432,"column":2},"end":{"line":1437,"column":3}},"loc":{"start":{"line":1432,"column":2},"end":{"line":1437,"column":3}},"line":1432},"145":{"name":"updateRealEstateAsset","decl":{"start":{"line":1439,"column":2},"end":{"line":1444,"column":3}},"loc":{"start":{"line":1439,"column":2},"end":{"line":1444,"column":3}},"line":1439},"146":{"name":"deleteRealEstateAsset","decl":{"start":{"line":1446,"column":2},"end":{"line":1450,"column":3}},"loc":{"start":{"line":1446,"column":2},"end":{"line":1450,"column":3}},"line":1446},"147":{"name":"refreshRealEstateValuation","decl":{"start":{"line":1452,"column":2},"end":{"line":1456,"column":3}},"loc":{"start":{"line":1452,"column":2},"end":{"line":1456,"column":3}},"line":1452},"148":{"name":"getVehicleAssets","decl":{"start":{"line":1458,"column":2},"end":{"line":1460,"column":3}},"loc":{"start":{"line":1458,"column":2},"end":{"line":1460,"column":3}},"line":1458},"149":{"name":"createVehicleAsset","decl":{"start":{"line":1462,"column":2},"end":{"line":1467,"column":3}},"loc":{"start":{"line":1462,"column":2},"end":{"line":1467,"column":3}},"line":1462},"150":{"name":"updateVehicleAsset","decl":{"start":{"line":1469,"column":2},"end":{"line":1474,"column":3}},"loc":{"start":{"line":1469,"column":2},"end":{"line":1474,"column":3}},"line":1469},"151":{"name":"deleteVehicleAsset","decl":{"start":{"line":1476,"column":2},"end":{"line":1480,"column":3}},"loc":{"start":{"line":1476,"column":2},"end":{"line":1480,"column":3}},"line":1476},"152":{"name":"refreshVehicleValuation","decl":{"start":{"line":1482,"column":2},"end":{"line":1486,"column":3}},"loc":{"start":{"line":1482,"column":2},"end":{"line":1486,"column":3}},"line":1482},"153":{"name":"getCollectibleAssets","decl":{"start":{"line":1488,"column":2},"end":{"line":1490,"column":3}},"loc":{"start":{"line":1488,"column":2},"end":{"line":1490,"column":3}},"line":1488},"154":{"name":"createCollectibleAsset","decl":{"start":{"line":1492,"column":2},"end":{"line":1497,"column":3}},"loc":{"start":{"line":1492,"column":2},"end":{"line":1497,"column":3}},"line":1492},"155":{"name":"updateCollectibleAsset","decl":{"start":{"line":1499,"column":2},"end":{"line":1504,"column":3}},"loc":{"start":{"line":1499,"column":2},"end":{"line":1504,"column":3}},"line":1499},"156":{"name":"deleteCollectibleAsset","decl":{"start":{"line":1506,"column":2},"end":{"line":1510,"column":3}},"loc":{"start":{"line":1506,"column":2},"end":{"line":1510,"column":3}},"line":1506},"157":{"name":"refreshCollectibleValuation","decl":{"start":{"line":1512,"column":2},"end":{"line":1516,"column":3}},"loc":{"start":{"line":1512,"column":2},"end":{"line":1516,"column":3}},"line":1512},"158":{"name":"getPreciousMetalAssets","decl":{"start":{"line":1518,"column":2},"end":{"line":1520,"column":3}},"loc":{"start":{"line":1518,"column":2},"end":{"line":1520,"column":3}},"line":1518},"159":{"name":"createPreciousMetalAsset","decl":{"start":{"line":1522,"column":2},"end":{"line":1527,"column":3}},"loc":{"start":{"line":1522,"column":2},"end":{"line":1527,"column":3}},"line":1522},"160":{"name":"updatePreciousMetalAsset","decl":{"start":{"line":1529,"column":2},"end":{"line":1534,"column":3}},"loc":{"start":{"line":1529,"column":2},"end":{"line":1534,"column":3}},"line":1529},"161":{"name":"deletePreciousMetalAsset","decl":{"start":{"line":1536,"column":2},"end":{"line":1540,"column":3}},"loc":{"start":{"line":1536,"column":2},"end":{"line":1540,"column":3}},"line":1536},"162":{"name":"refreshPreciousMetalValuation","decl":{"start":{"line":1542,"column":2},"end":{"line":1546,"column":3}},"loc":{"start":{"line":1542,"column":2},"end":{"line":1546,"column":3}},"line":1542},"163":{"name":"getAlternativeAssets","decl":{"start":{"line":1548,"column":2},"end":{"line":1550,"column":3}},"loc":{"start":{"line":1548,"column":2},"end":{"line":1550,"column":3}},"line":1548},"164":{"name":"createAlternativeAsset","decl":{"start":{"line":1552,"column":2},"end":{"line":1557,"column":3}},"loc":{"start":{"line":1552,"column":2},"end":{"line":1557,"column":3}},"line":1552},"165":{"name":"updateAlternativeAsset","decl":{"start":{"line":1559,"column":2},"end":{"line":1564,"column":3}},"loc":{"start":{"line":1559,"column":2},"end":{"line":1564,"column":3}},"line":1559},"166":{"name":"deleteAlternativeAsset","decl":{"start":{"line":1566,"column":2},"end":{"line":1570,"column":3}},"loc":{"start":{"line":1566,"column":2},"end":{"line":1570,"column":3}},"line":1566},"167":{"name":"getAssetValuationHistory","decl":{"start":{"line":1572,"column":2},"end":{"line":1574,"column":3}},"loc":{"start":{"line":1572,"column":2},"end":{"line":1574,"column":3}},"line":1572},"168":{"name":"generateProofOfFunds","decl":{"start":{"line":1578,"column":2},"end":{"line":1583,"column":3}},"loc":{"start":{"line":1578,"column":2},"end":{"line":1583,"column":3}},"line":1578},"169":{"name":"validateAttestation","decl":{"start":{"line":1585,"column":2},"end":{"line":1595,"column":3}},"loc":{"start":{"line":1585,"column":2},"end":{"line":1595,"column":3}},"line":1585}},"f":{"0":5,"1":5,"2":39,"3":39,"4":2,"5":2,"6":35,"7":35,"8":12,"9":0,"10":2,"11":0,"12":0,"13":1,"14":0,"15":0,"16":1,"17":0,"18":0,"19":3,"20":2,"21":0,"22":1,"23":1,"24":1,"25":1,"26":0,"27":0,"28":1,"29":0,"30":0,"31":1,"32":0,"33":1,"34":1,"35":0,"36":1,"37":1,"38":1,"39":1,"40":0,"41":0,"42":0,"43":0,"44":0,"45":0,"46":0,"47":0,"48":1,"49":0,"50":1,"51":0,"52":0,"53":0,"54":0,"55":0,"56":0,"57":0,"58":0,"59":0,"60":0,"61":0,"62":0,"63":0,"64":0,"65":0,"66":0,"67":0,"68":0,"69":0,"70":0,"71":0,"72":0,"73":0,"74":0,"75":0,"76":0,"77":0,"78":0,"79":0,"80":0,"81":0,"82":0,"83":0,"84":0,"85":0,"86":0,"87":0,"88":0,"89":0,"90":0,"91":0,"92":0,"93":0,"94":0,"95":0,"96":0,"97":0,"98":0,"99":0,"100":0,"101":0,"102":0,"103":0,"104":0,"105":0,"106":0,"107":0,"108":0,"109":0,"110":0,"111":0,"112":0,"113":0,"114":0,"115":0,"116":0,"117":0,"118":0,"119":0,"120":0,"121":0,"122":0,"123":0,"124":0,"125":0,"126":0,"127":0,"128":0,"129":0,"130":0,"131":0,"132":0,"133":0,"134":0,"135":0,"136":0,"137":0,"138":0,"139":0,"140":1,"141":0,"142":0,"143":0,"144":1,"145":0,"146":0,"147":1,"148":0,"149":0,"150":0,"151":0,"152":0,"153":0,"154":0,"155":0,"156":0,"157":0,"158":0,"159":0,"160":0,"161":0,"162":0,"163":0,"164":0,"165":0,"166":0,"167":0,"168":0,"169":0}}
,"/Users/alexchao/projects/clearmoney/packages/strata-sdk/src/index.ts": {"path":"/Users/alexchao/projects/clearmoney/packages/strata-sdk/src/index.ts","all":true,"statementMap":{"0":{"start":{"line":1,"column":0},"end":{"line":1,"column":56}}},"s":{"0":0},"branchMap":{"0":{"type":"branch","line":1,"loc":{"start":{"line":1,"column":157},"end":{"line":3,"column":24}},"locations":[{"start":{"line":1,"column":157},"end":{"line":3,"column":24}}]}},"b":{"0":[0]},"fnMap":{"0":{"name":"(empty-report)","decl":{"start":{"line":1,"column":157},"end":{"line":3,"column":24}},"loc":{"start":{"line":1,"column":157},"end":{"line":3,"column":24}},"line":1}},"f":{"0":0}}
,"/Users/alexchao/projects/clearmoney/packages/strata-sdk/src/types.ts": {"path":"/Users/alexchao/projects/clearmoney/packages/strata-sdk/src/types.ts","all":false,"statementMap":{"672":{"start":{"line":673,"column":0},"end":{"line":673,"column":50}},"673":{"start":{"line":674,"column":0},"end":{"line":674,"column":43}},"674":{"start":{"line":675,"column":0},"end":{"line":675,"column":42}},"675":{"start":{"line":676,"column":0},"end":{"line":676,"column":1}}},"s":{"672":1,"673":9,"674":9,"675":9},"branchMap":{"0":{"type":"branch","line":673,"loc":{"start":{"line":673,"column":7},"end":{"line":676,"column":1}},"locations":[{"start":{"line":673,"column":7},"end":{"line":676,"column":1}}]}},"b":{"0":[9]},"fnMap":{"0":{"name":"isValidVIN","decl":{"start":{"line":673,"column":7},"end":{"line":676,"column":1}},"loc":{"start":{"line":673,"column":7},"end":{"line":676,"column":1}},"line":673}},"f":{"0":9}}
}
